TN:
SF:app\layout.tsx
FN:38,RootLayout
FNF:1
FNH:0
FNDA:0,RootLayout
DA:2,0
DA:3,0
DA:4,0
DA:5,0
DA:6,0
DA:8,0
DA:10,0
DA:15,0
DA:38,0
LF:9
LH:0
BRF:0
BRH:0
end_of_record
TN:
SF:app\page.tsx
FN:8,(anonymous_4)
FN:34,LandingPage
FN:40,(anonymous_6)
FN:41,(anonymous_7)
FN:48,(anonymous_8)
FNF:5
FNH:0
FNDA:0,(anonymous_4)
FNDA:0,LandingPage
FNDA:0,(anonymous_6)
FNDA:0,(anonymous_7)
FNDA:0,(anonymous_8)
DA:4,0
DA:8,0
DA:11,0
DA:12,0
DA:13,0
DA:14,0
DA:15,0
DA:31,0
DA:32,0
DA:34,0
DA:35,0
DA:36,0
DA:37,0
DA:38,0
DA:40,0
DA:41,0
DA:42,0
DA:43,0
DA:45,0
DA:48,0
DA:49,0
DA:50,0
DA:51,0
DA:52,0
DA:53,0
DA:54,0
DA:56,0
DA:63,0
DA:65,0
DA:69,0
DA:70,0
DA:71,0
LF:32
LH:0
BRDA:7,0,0,0
BRDA:7,0,1,0
BRDA:51,1,0,0
BRDA:51,1,1,0
BRDA:69,2,0,0
BRDA:101,3,0,0
BRDA:101,3,1,0
BRF:7
BRH:0
end_of_record
TN:
SF:app\api\admin\claude\route.ts
FN:7,GET
FN:27,POST
FNF:2
FNH:0
FNDA:0,GET
FNDA:0,POST
DA:1,0
DA:4,0
DA:5,0
DA:7,0
DA:8,0
DA:9,0
DA:11,0
DA:13,0
DA:15,0
DA:22,0
DA:23,0
DA:27,0
DA:28,0
DA:29,0
DA:31,0
DA:33,0
DA:34,0
DA:35,0
DA:37,0
DA:40,0
DA:43,0
DA:45,0
DA:49,0
DA:55,0
DA:58,0
DA:59,0
LF:26
LH:0
BRDA:9,0,0,0
BRDA:29,1,0,0
BRDA:37,2,0,0
BRDA:37,2,1,0
BRDA:37,2,2,0
BRDA:37,2,3,0
BRF:6
BRH:0
end_of_record
TN:
SF:app\api\admin\distribute-credits\route.ts
FN:7,POST
FN:52,(anonymous_4)
FN:148,(anonymous_5)
FN:149,(anonymous_6)
FN:160,(anonymous_7)
FN:191,GET
FN:211,(anonymous_9)
FNF:7
FNH:0
FNDA:0,POST
FNDA:0,(anonymous_4)
FNDA:0,(anonymous_5)
FNDA:0,(anonymous_6)
FNDA:0,(anonymous_7)
FNDA:0,GET
FNDA:0,(anonymous_9)
DA:1,0
DA:2,0
DA:3,0
DA:4,0
DA:7,0
DA:8,0
DA:9,0
DA:10,0
DA:11,0
DA:13,0
DA:14,0
DA:17,0
DA:18,0
DA:19,0
DA:20,0
DA:22,0
DA:25,0
DA:37,0
DA:38,0
DA:41,0
DA:44,0
DA:51,0
DA:52,0
DA:53,0
DA:54,0
DA:55,0
DA:56,0
DA:57,0
DA:60,0
DA:61,0
DA:64,0
DA:65,0
DA:66,0
DA:69,0
DA:76,0
DA:77,0
DA:78,0
DA:80,0
DA:81,0
DA:82,0
DA:85,0
DA:95,0
DA:97,0
DA:99,0
DA:105,0
DA:107,0
DA:115,0
DA:116,0
DA:117,0
DA:120,0
DA:121,0
DA:125,0
DA:141,0
DA:142,0
DA:148,0
DA:149,0
DA:150,0
DA:152,0
DA:161,0
DA:162,0
DA:163,0
DA:165,0
DA:166,0
DA:167,0
DA:168,0
DA:173,0
DA:175,0
DA:185,0
DA:186,0
DA:191,0
DA:192,0
DA:193,0
DA:194,0
DA:195,0
DA:198,0
DA:211,0
DA:216,0
DA:217,0
DA:218,0
DA:225,0
DA:226,0
DA:228,0
DA:229,0
DA:230,0
DA:232,0
DA:233,0
DA:235,0
DA:238,0
DA:243,0
DA:244,0
LF:90
LH:0
BRDA:10,0,0,0
BRDA:14,1,0,0
BRDA:17,2,0,0
BRDA:17,2,1,0
BRDA:18,3,0,0
BRDA:18,3,1,0
BRDA:37,4,0,0
BRDA:54,5,0,0
BRDA:54,5,1,0
BRDA:66,6,0,0
BRDA:66,6,1,0
BRDA:78,7,0,0
BRDA:78,7,1,0
BRDA:80,8,0,0
BRDA:97,9,0,0
BRDA:105,10,0,0
BRDA:105,10,1,0
BRDA:110,11,0,0
BRDA:110,11,1,0
BRDA:111,12,0,0
BRDA:111,12,1,0
BRDA:115,13,0,0
BRDA:141,14,0,0
BRDA:150,15,0,0
BRDA:150,15,1,0
BRDA:162,16,0,0
BRDA:179,17,0,0
BRDA:179,17,1,0
BRDA:194,18,0,0
BRDA:211,19,0,0
BRDA:211,19,1,0
BRDA:216,20,0,0
BRDA:216,20,1,0
BRDA:217,21,0,0
BRDA:228,22,0,0
BRDA:228,22,1,0
BRDA:229,23,0,0
BRF:37
BRH:0
end_of_record
TN:
SF:app\api\admin\monthly-maintenance\route.ts
FN:6,POST
FN:130,GET
FN:149,(anonymous_5)
FNF:3
FNH:0
FNDA:0,POST
FNDA:0,GET
FNDA:0,(anonymous_5)
DA:1,0
DA:2,0
DA:3,0
DA:6,0
DA:7,0
DA:8,0
DA:9,0
DA:10,0
DA:12,0
DA:13,0
DA:15,0
DA:21,0
DA:28,0
DA:29,0
DA:30,0
DA:40,0
DA:41,0
DA:43,0
DA:44,0
DA:47,0
DA:52,0
DA:53,0
DA:54,0
DA:64,0
DA:65,0
DA:67,0
DA:68,0
DA:71,0
DA:76,0
DA:92,0
DA:93,0
DA:102,0
DA:103,0
DA:104,0
DA:108,0
DA:110,0
DA:120,0
DA:121,0
DA:130,0
DA:131,0
DA:132,0
DA:133,0
DA:134,0
DA:137,0
DA:144,0
DA:150,0
DA:156,0
DA:157,0
LF:48
LH:0
BRDA:9,0,0,0
BRDA:13,1,0,0
BRDA:13,2,0,0
BRDA:28,3,0,0
BRDA:34,4,0,0
BRDA:34,4,1,0
BRDA:35,5,0,0
BRDA:35,5,1,0
BRDA:40,6,0,0
BRDA:40,6,1,0
BRDA:47,7,0,0
BRDA:47,7,1,0
BRDA:52,8,0,0
BRDA:58,9,0,0
BRDA:58,9,1,0
BRDA:59,10,0,0
BRDA:59,10,1,0
BRDA:64,11,0,0
BRDA:64,11,1,0
BRDA:71,12,0,0
BRDA:71,12,1,0
BRDA:83,13,0,0
BRDA:83,13,1,0
BRDA:84,14,0,0
BRDA:84,14,1,0
BRDA:85,15,0,0
BRDA:85,15,1,0
BRDA:86,16,0,0
BRDA:86,16,1,0
BRDA:92,17,0,0
BRDA:102,18,0,0
BRDA:112,19,0,0
BRDA:112,19,1,0
BRDA:124,20,0,0
BRDA:124,20,1,0
BRDA:133,21,0,0
BRDA:145,22,0,0
BRDA:145,22,1,0
BRDA:147,23,0,0
BRDA:147,23,1,0
BRDA:148,24,0,0
BRDA:148,24,1,0
BRDA:149,25,0,0
BRDA:149,25,1,0
BRF:44
BRH:0
end_of_record
TN:
SF:app\api\admin\process-payouts\route.ts
FN:23,getProfileData
FN:30,POST
FN:69,(anonymous_6)
FN:77,(anonymous_7)
FN:273,GET
FN:297,(anonymous_9)
FN:299,(anonymous_10)
FNF:7
FNH:0
FNDA:0,getProfileData
FNDA:0,POST
FNDA:0,(anonymous_6)
FNDA:0,(anonymous_7)
FNDA:0,GET
FNDA:0,(anonymous_9)
FNDA:0,(anonymous_10)
DA:1,0
DA:2,0
DA:3,0
DA:4,0
DA:5,0
DA:8,0
DA:24,0
DA:25,0
DA:27,0
DA:30,0
DA:31,0
DA:32,0
DA:33,0
DA:34,0
DA:36,0
DA:37,0
DA:39,0
DA:42,0
DA:45,0
DA:51,0
DA:52,0
DA:58,0
DA:60,0
DA:69,0
DA:71,0
DA:78,0
DA:79,0
DA:90,0
DA:101,0
DA:107,0
DA:108,0
DA:114,0
DA:115,0
DA:116,0
DA:117,0
DA:119,0
DA:120,0
DA:125,0
DA:132,0
DA:146,0
DA:147,0
DA:148,0
DA:149,0
DA:153,0
DA:154,0
DA:155,0
DA:156,0
DA:158,0
DA:159,0
DA:160,0
DA:162,0
DA:170,0
DA:174,0
DA:175,0
DA:176,0
DA:177,0
DA:179,0
DA:187,0
DA:191,0
DA:192,0
DA:194,0
DA:195,0
DA:196,0
DA:198,0
DA:206,0
DA:219,0
DA:221,0
DA:229,0
DA:231,0
DA:234,0
DA:235,0
DA:237,0
DA:248,0
DA:249,0
DA:257,0
DA:259,0
DA:267,0
DA:268,0
DA:273,0
DA:274,0
DA:275,0
DA:276,0
DA:277,0
DA:280,0
DA:296,0
DA:297,0
DA:300,0
DA:301,0
DA:310,0
DA:311,0
LF:90
LH:0
BRDA:24,0,0,0
BRDA:25,1,0,0
BRDA:25,1,1,0
BRDA:27,2,0,0
BRDA:27,2,1,0
BRDA:33,3,0,0
BRDA:37,4,0,0
BRDA:37,5,0,0
BRDA:39,6,0,0
BRDA:39,6,1,0
BRDA:42,7,0,0
BRDA:42,7,1,0
BRDA:51,8,0,0
BRDA:51,9,0,0
BRDA:51,9,1,0
BRDA:58,10,0,0
BRDA:69,11,0,0
BRDA:69,11,1,0
BRDA:73,12,0,0
BRDA:73,12,1,0
BRDA:107,13,0,0
BRDA:107,14,0,0
BRDA:107,14,1,0
BRDA:119,15,0,0
BRDA:146,16,0,0
BRDA:158,17,0,0
BRDA:175,18,0,0
BRDA:175,19,0,0
BRDA:175,19,1,0
BRDA:194,20,0,0
BRDA:235,21,0,0
BRDA:235,21,1,0
BRDA:241,22,0,0
BRDA:241,22,1,0
BRDA:248,23,0,0
BRDA:248,23,1,0
BRDA:276,24,0,0
BRDA:297,25,0,0
BRDA:297,25,1,0
BRF:39
BRH:0
end_of_record
TN:
SF:app\api\admin\revert-excess-credits\route.ts
FN:6,POST
FN:115,GET
FN:136,(anonymous_5)
FNF:3
FNH:0
FNDA:0,POST
FNDA:0,GET
FNDA:0,(anonymous_5)
DA:1,0
DA:2,0
DA:3,0
DA:4,0
DA:6,0
DA:7,0
DA:8,0
DA:9,0
DA:10,0
DA:12,0
DA:13,0
DA:15,0
DA:18,0
DA:19,0
DA:25,0
DA:26,0
DA:34,0
DA:36,0
DA:37,0
DA:39,0
DA:40,0
DA:41,0
DA:50,0
DA:51,0
DA:53,0
DA:55,0
DA:62,0
DA:63,0
DA:64,0
DA:68,0
DA:84,0
DA:85,0
DA:90,0
DA:97,0
DA:99,0
DA:109,0
DA:110,0
DA:115,0
DA:116,0
DA:117,0
DA:118,0
DA:119,0
DA:122,0
DA:135,0
DA:136,0
DA:138,0
DA:148,0
DA:149,0
LF:48
LH:0
BRDA:9,0,0,0
BRDA:13,1,0,0
BRDA:25,2,0,0
BRDA:25,3,0,0
BRDA:25,3,1,0
BRDA:53,4,0,0
BRDA:62,5,0,0
BRDA:84,6,0,0
BRDA:93,7,0,0
BRDA:93,7,1,0
BRDA:103,8,0,0
BRDA:103,8,1,0
BRDA:118,9,0,0
BRDA:135,10,0,0
BRDA:135,10,1,0
BRDA:136,11,0,0
BRDA:136,11,1,0
BRDA:139,12,0,0
BRDA:139,12,1,0
BRDA:143,13,0,0
BRDA:143,13,1,0
BRF:21
BRH:0
end_of_record
TN:
SF:app\api\ai-usage\track\route.ts
FN:19,POST
FN:91,GET
FN:94,(anonymous_5)
FN:138,(anonymous_6)
FN:139,(anonymous_7)
FN:140,(anonymous_8)
FN:141,(anonymous_9)
FNF:7
FNH:0
FNDA:0,POST
FNDA:0,GET
FNDA:0,(anonymous_5)
FNDA:0,(anonymous_6)
FNDA:0,(anonymous_7)
FNDA:0,(anonymous_8)
FNDA:0,(anonymous_9)
DA:1,0
DA:2,0
DA:3,0
DA:4,0
DA:5,0
DA:6,0
DA:19,0
DA:20,0
DA:21,0
DA:22,0
DA:23,0
DA:25,0
DA:28,0
DA:32,0
DA:39,0
DA:55,0
DA:56,0
DA:61,0
DA:73,0
DA:74,0
DA:77,0
DA:86,0
DA:87,0
DA:91,0
DA:92,0
DA:93,0
DA:94,0
DA:96,0
DA:97,0
DA:98,0
DA:101,0
DA:102,0
DA:105,0
DA:108,0
DA:110,0
DA:111,0
DA:113,0
DA:114,0
DA:116,0
DA:117,0
DA:119,0
DA:123,0
DA:130,0
DA:131,0
DA:132,0
DA:136,0
DA:138,0
DA:139,0
DA:140,0
DA:142,0
DA:143,0
DA:150,0
DA:151,0
DA:152,0
DA:153,0
DA:154,0
DA:158,0
DA:165,0
DA:166,0
LF:59
LH:0
BRDA:22,0,0,0
BRDA:28,1,0,0
BRDA:28,1,1,0
BRDA:29,2,0,0
BRDA:29,2,1,0
BRDA:50,3,0,0
BRDA:50,3,1,0
BRDA:51,4,0,0
BRDA:51,4,1,0
BRDA:55,5,0,0
BRDA:65,6,0,0
BRDA:65,6,1,0
BRDA:66,7,0,0
BRDA:66,7,1,0
BRDA:73,8,0,0
BRDA:97,9,0,0
BRDA:102,10,0,0
BRDA:102,10,1,0
BRDA:108,11,0,0
BRDA:108,11,1,0
BRDA:108,11,2,0
BRDA:108,11,3,0
BRDA:130,12,0,0
BRDA:137,13,0,0
BRDA:137,13,1,0
BRDA:138,14,0,0
BRDA:138,14,1,0
BRDA:139,15,0,0
BRDA:139,15,1,0
BRDA:140,16,0,0
BRDA:140,16,1,0
BRDA:141,17,0,0
BRDA:141,17,1,0
BRDA:142,18,0,0
BRDA:161,19,0,0
BRDA:161,19,1,0
BRF:36
BRH:0
end_of_record
TN:
SF:app\api\ai\optimized\route.ts
FN:20,POST
FN:78,(anonymous_5)
FN:99,(anonymous_6)
FN:100,(anonymous_7)
FN:101,(anonymous_8)
FN:102,(anonymous_9)
FN:103,(anonymous_10)
FN:158,GET
FN:257,PUT
FNF:9
FNH:0
FNDA:0,POST
FNDA:0,(anonymous_5)
FNDA:0,(anonymous_6)
FNDA:0,(anonymous_7)
FNDA:0,(anonymous_8)
FNDA:0,(anonymous_9)
FNDA:0,(anonymous_10)
FNDA:0,GET
FNDA:0,PUT
DA:2,0
DA:3,0
DA:4,0
DA:11,0
DA:15,0
DA:20,0
DA:21,0
DA:22,0
DA:23,0
DA:25,0
DA:26,0
DA:32,0
DA:33,0
DA:36,0
DA:37,0
DA:44,0
DA:50,0
DA:51,0
DA:58,0
DA:59,0
DA:67,0
DA:76,0
DA:78,0
DA:89,0
DA:90,0
DA:92,0
DA:99,0
DA:100,0
DA:101,0
DA:102,0
DA:103,0
DA:109,0
DA:125,0
DA:128,0
DA:130,0
DA:143,0
DA:144,0
DA:158,0
DA:159,0
DA:160,0
DA:161,0
DA:163,0
DA:164,0
DA:170,0
DA:171,0
DA:172,0
DA:175,0
DA:178,0
DA:180,0
DA:181,0
DA:183,0
DA:184,0
DA:186,0
DA:187,0
DA:189,0
DA:192,0
DA:194,0
DA:196,0
DA:202,0
DA:203,0
DA:209,0
DA:211,0
DA:220,0
DA:221,0
DA:222,0
DA:224,0
DA:243,0
DA:244,0
DA:257,0
DA:258,0
DA:259,0
DA:260,0
DA:262,0
DA:263,0
DA:269,0
DA:270,0
DA:272,0
DA:274,0
DA:282,0
DA:290,0
DA:297,0
DA:304,0
DA:305,0
LF:83
LH:0
BRDA:25,0,0,0
BRDA:25,1,0,0
BRDA:25,1,1,0
BRDA:33,2,0,0
BRDA:36,3,0,0
BRDA:36,4,0,0
BRDA:36,4,1,0
BRDA:36,4,2,0
BRDA:50,5,0,0
BRDA:50,6,0,0
BRDA:50,6,1,0
BRDA:58,7,0,0
BRDA:58,7,1,0
BRDA:76,8,0,0
BRDA:76,8,1,0
BRDA:76,9,0,0
BRDA:76,9,1,0
BRDA:114,10,0,0
BRDA:114,10,1,0
BRDA:115,11,0,0
BRDA:115,11,1,0
BRDA:117,12,0,0
BRDA:117,12,1,0
BRDA:163,13,0,0
BRDA:163,14,0,0
BRDA:163,14,1,0
BRDA:171,15,0,0
BRDA:171,15,1,0
BRDA:172,16,0,0
BRDA:172,16,1,0
BRDA:178,17,0,0
BRDA:178,17,1,0
BRDA:178,17,2,0
BRDA:178,17,3,0
BRDA:194,18,0,0
BRDA:194,18,1,0
BRDA:202,19,0,0
BRDA:235,20,0,0
BRDA:235,20,1,0
BRDA:236,21,0,0
BRDA:236,21,1,0
BRDA:262,22,0,0
BRDA:262,23,0,0
BRDA:262,23,1,0
BRDA:272,24,0,0
BRDA:272,24,1,0
BRDA:272,24,2,0
BRF:47
BRH:0
end_of_record
TN:
SF:app\api\auth\callback\route.ts
FN:5,GET
FN:11,(anonymous_4)
FN:18,OPTIONS
FNF:3
FNH:0
FNDA:0,GET
FNDA:0,(anonymous_4)
FNDA:0,OPTIONS
DA:1,0
DA:2,0
DA:3,0
DA:5,0
DA:6,0
DA:7,0
DA:9,0
DA:10,0
DA:11,0
DA:12,0
DA:15,0
DA:18,0
DA:19,0
LF:13
LH:0
BRDA:9,0,0,0
BRF:1
BRH:0
end_of_record
TN:
SF:app\api\billing\create-checkout\route.ts
FN:14,POST
FN:116,OPTIONS
FNF:2
FNH:0
FNDA:0,POST
FNDA:0,OPTIONS
DA:2,0
DA:3,0
DA:4,0
DA:5,0
DA:7,0
DA:12,0
DA:14,0
DA:15,0
DA:16,0
DA:17,0
DA:19,0
DA:20,0
DA:26,0
DA:27,0
DA:30,0
DA:31,0
DA:38,0
DA:39,0
DA:46,0
DA:52,0
DA:54,0
DA:55,0
DA:59,0
DA:61,0
DA:68,0
DA:76,0
DA:77,0
DA:84,0
DA:103,0
DA:108,0
DA:109,0
DA:116,0
DA:117,0
LF:33
LH:0
BRDA:12,0,0,0
BRDA:12,0,1,0
BRDA:16,1,0,0
BRDA:19,2,0,0
BRDA:30,3,0,0
BRDA:30,4,0,0
BRDA:30,4,1,0
BRDA:38,5,0,0
BRDA:38,6,0,0
BRDA:38,6,1,0
BRDA:54,7,0,0
BRDA:68,8,0,0
BRDA:68,8,1,0
BRDA:69,9,0,0
BRDA:69,9,1,0
BRDA:72,10,0,0
BRDA:72,10,1,0
BRDA:76,11,0,0
BRF:18
BRH:0
end_of_record
TN:
SF:app\api\billing\create-portal\route.ts
FN:14,POST
FN:51,OPTIONS
FNF:2
FNH:0
FNDA:0,POST
FNDA:0,OPTIONS
DA:2,0
DA:3,0
DA:4,0
DA:5,0
DA:7,0
DA:12,0
DA:14,0
DA:15,0
DA:16,0
DA:17,0
DA:19,0
DA:20,0
DA:26,0
DA:27,0
DA:33,0
DA:38,0
DA:43,0
DA:44,0
DA:51,0
DA:52,0
LF:20
LH:0
BRDA:12,0,0,0
BRDA:12,0,1,0
BRDA:16,1,0,0
BRDA:26,2,0,0
BRF:4
BRH:0
end_of_record
TN:
SF:app\api\billing\webhook\route.ts
FN:11,(anonymous_2)
FN:22,POST
FN:62,handleCheckoutCompleted
FN:83,handleSubscriptionUpdated
FN:98,handleSubscriptionDeleted
FNF:5
FNH:0
FNDA:0,(anonymous_2)
FNDA:0,POST
FNDA:0,handleCheckoutCompleted
FNDA:0,handleSubscriptionUpdated
FNDA:0,handleSubscriptionDeleted
DA:1,0
DA:2,0
DA:3,0
DA:4,0
DA:6,0
DA:11,0
DA:12,0
DA:13,0
DA:15,0
DA:16,0
DA:19,0
DA:22,0
DA:23,0
DA:24,0
DA:25,0
DA:29,0
DA:30,0
DA:36,0
DA:37,0
DA:40,0
DA:41,0
DA:43,0
DA:44,0
DA:47,0
DA:48,0
DA:51,0
DA:52,0
DA:55,0
DA:57,0
DA:58,0
DA:63,0
DA:65,0
DA:66,0
DA:69,0
DA:70,0
DA:72,0
DA:84,0
DA:86,0
DA:87,0
DA:88,0
DA:99,0
DA:101,0
DA:102,0
DA:103,0
LF:44
LH:0
BRDA:12,0,0,0
BRDA:12,0,1,0
BRDA:15,1,0,0
BRDA:15,2,0,0
BRDA:15,2,1,0
BRDA:41,3,0,0
BRDA:41,3,1,0
BRDA:41,3,2,0
BRDA:63,4,0,0
BRDA:69,5,0,0
BRDA:69,5,1,0
BRDA:70,6,0,0
BRDA:70,6,1,0
BRDA:86,7,0,0
BRDA:86,8,0,0
BRDA:86,8,1,0
BRDA:101,9,0,0
BRDA:101,10,0,0
BRDA:101,10,1,0
BRF:19
BRH:0
end_of_record
TN:
SF:app\api\cache\analytics\route.ts
FN:7,GET
FNF:1
FNH:0
FNDA:0,GET
DA:2,0
DA:3,0
DA:4,0
DA:5,0
DA:7,0
DA:8,0
DA:9,0
DA:10,0
DA:11,0
DA:14,0
DA:16,0
DA:18,0
DA:20,0
LF:13
LH:0
BRDA:10,0,0,0
BRF:1
BRH:0
end_of_record
TN:
SF:app\api\creator\earnings\route.ts
FN:22,getRelationData
FN:29,GET
FN:40,handleDeprecatedRequest
FN:97,fallbackToOriginalLogic
FN:179,(anonymous_5)
FN:204,(anonymous_6)
FNF:6
FNH:0
FNDA:0,getRelationData
FNDA:0,GET
FNDA:0,handleDeprecatedRequest
FNDA:0,fallbackToOriginalLogic
FNDA:0,(anonymous_5)
FNDA:0,(anonymous_6)
DA:1,0
DA:2,0
DA:3,0
DA:11,0
DA:12,0
DA:18,0
DA:19,0
DA:23,0
DA:24,0
DA:26,0
DA:29,0
DA:30,0
DA:32,0
DA:33,0
DA:35,0
DA:36,0
DA:42,0
DA:45,0
DA:48,0
DA:51,0
DA:52,0
DA:54,0
DA:57,0
DA:58,0
DA:62,0
DA:63,0
DA:66,0
DA:68,0
DA:70,0
DA:71,0
DA:79,0
DA:82,0
DA:83,0
DA:84,0
DA:85,0
DA:86,0
DA:87,0
DA:89,0
DA:92,0
DA:93,0
DA:98,0
DA:99,0
DA:100,0
DA:103,0
DA:110,0
DA:111,0
DA:118,0
DA:119,0
DA:120,0
DA:123,0
DA:125,0
DA:126,0
DA:130,0
DA:136,0
DA:137,0
DA:140,0
DA:150,0
DA:151,0
DA:152,0
DA:153,0
DA:155,0
DA:156,0
DA:157,0
DA:158,0
DA:159,0
DA:164,0
DA:178,0
DA:179,0
DA:180,0
DA:181,0
DA:182,0
DA:183,0
DA:193,0
DA:194,0
DA:195,0
DA:196,0
DA:198,0
DA:199,0
DA:203,0
DA:204,0
DA:208,0
DA:237,0
DA:238,0
DA:239,0
DA:240,0
DA:241,0
DA:243,0
LF:87
LH:0
BRDA:23,0,0,0
BRDA:24,1,0,0
BRDA:24,1,1,0
BRDA:26,2,0,0
BRDA:26,2,1,0
BRDA:51,3,0,0
BRDA:51,3,1,0
BRDA:57,4,0,0
BRDA:58,5,0,0
BRDA:58,5,1,0
BRDA:74,6,0,0
BRDA:74,6,1,0
BRDA:75,7,0,0
BRDA:75,7,1,0
BRDA:99,8,0,0
BRDA:110,9,0,0
BRDA:110,10,0,0
BRDA:110,10,1,0
BRDA:120,11,0,0
BRDA:120,11,1,0
BRDA:125,12,0,0
BRDA:136,13,0,0
BRDA:140,14,0,0
BRDA:140,14,1,0
BRDA:146,15,0,0
BRDA:146,15,1,0
BRDA:150,16,0,0
BRDA:150,16,1,0
BRDA:156,17,0,0
BRDA:158,18,0,0
BRDA:182,19,0,0
BRDA:185,20,0,0
BRDA:185,20,1,0
BRDA:198,21,0,0
BRF:34
BRH:0
end_of_record
TN:
SF:app\api\creator\payout-history\route.ts
FN:7,GET
FN:42,(anonymous_2)
FN:43,(anonymous_3)
FN:46,(anonymous_4)
FN:47,(anonymous_5)
FN:50,(anonymous_6)
FN:53,(anonymous_7)
FN:79,(anonymous_8)
FNF:8
FNH:0
FNDA:0,GET
FNDA:0,(anonymous_2)
FNDA:0,(anonymous_3)
FNDA:0,(anonymous_4)
FNDA:0,(anonymous_5)
FNDA:0,(anonymous_6)
FNDA:0,(anonymous_7)
FNDA:0,(anonymous_8)
DA:1,0
DA:2,0
DA:3,0
DA:4,0
DA:7,0
DA:8,0
DA:9,0
DA:10,0
DA:11,0
DA:14,0
DA:21,0
DA:22,0
DA:28,0
DA:29,0
DA:30,0
DA:33,0
DA:35,0
DA:36,0
DA:40,0
DA:41,0
DA:42,0
DA:43,0
DA:45,0
DA:46,0
DA:47,0
DA:50,0
DA:53,0
DA:66,0
DA:79,0
DA:96,0
DA:97,0
LF:31
LH:0
BRDA:10,0,0,0
BRDA:21,1,0,0
BRDA:21,2,0,0
BRDA:21,2,1,0
BRDA:29,3,0,0
BRDA:29,3,1,0
BRDA:30,4,0,0
BRDA:30,4,1,0
BRDA:35,5,0,0
BRDA:50,6,0,0
BRDA:50,6,1,0
BRDA:73,7,0,0
BRDA:73,7,1,0
BRF:13
BRH:0
end_of_record
TN:
SF:app\api\creators\earnings\route.ts
FN:33,cleanupCache
FN:46,getCacheKey
FN:51,getFromCache
FN:66,setCache
FN:79,getRelationData
FN:87,parseQueryParams
FN:144,calculateDateRange
FN:186,generateCacheKey
FN:194,getCachedData
FN:207,setCachedData
FN:213,getCacheStats
FN:224,(anonymous_12)
FN:225,(anonymous_13)
FN:247,GET
FN:376,(anonymous_15)
FN:377,(anonymous_16)
FN:378,(anonymous_17)
FN:383,(anonymous_18)
FN:423,(anonymous_19)
FN:431,(anonymous_20)
FN:434,(anonymous_21)
FN:460,(anonymous_22)
FN:488,(anonymous_23)
FN:493,(anonymous_24)
FN:498,(anonymous_25)
FN:504,(anonymous_26)
FN:505,(anonymous_27)
FN:510,(anonymous_28)
FN:660,(anonymous_29)
FN:681,(anonymous_30)
FN:682,(anonymous_31)
FN:683,(anonymous_32)
FN:684,(anonymous_33)
FN:685,(anonymous_34)
FN:686,(anonymous_35)
FN:687,(anonymous_36)
FN:690,(anonymous_37)
FN:772,getTierBenefits
FN:782,getNextTierRequirements
FN:808,calculateTierProgress
FN:816,getNextPayoutDate
FN:822,getPeriodDescription
FN:838,calculateAverageTimeToFirstSale
FN:839,(anonymous_44)
FN:842,(anonymous_45)
FN:852,getTopPerformingGenres
FN:855,(anonymous_47)
FN:865,(anonymous_48)
FN:869,calculateRepeatPurchaseRate
FN:872,(anonymous_50)
FN:877,(anonymous_51)
FN:883,calculateAverageReaderLTV
FN:886,(anonymous_53)
FN:892,(anonymous_54)
FN:895,calculateAverageProcessingTime
FN:896,(anonymous_56)
FN:899,(anonymous_57)
FN:909,handleExportFormat
FN:931,generateCSV
FN:941,(anonymous_60)
FN:950,(anonymous_61)
FN:954,generateXLSX
FN:970,(anonymous_63)
FN:982,(anonymous_64)
FN:1000,createWorksheet
FN:1005,createXLSXBuffer
FN:1010,(anonymous_67)
FN:1014,(anonymous_68)
FN:1038,(anonymous_69)
FN:1040,(anonymous_70)
FN:1048,encodeCell
FN:1052,encodeRange
FN:1066,subscribeToRealtimeUpdates
FN:1076,checkForUpdates
FN:1078,(anonymous_75)
FN:1103,cleanupRealtimeSubscriptions
FNF:76
FNH:0
FNDA:0,cleanupCache
FNDA:0,getCacheKey
FNDA:0,getFromCache
FNDA:0,setCache
FNDA:0,getRelationData
FNDA:0,parseQueryParams
FNDA:0,calculateDateRange
FNDA:0,generateCacheKey
FNDA:0,getCachedData
FNDA:0,setCachedData
FNDA:0,getCacheStats
FNDA:0,(anonymous_12)
FNDA:0,(anonymous_13)
FNDA:0,GET
FNDA:0,(anonymous_15)
FNDA:0,(anonymous_16)
FNDA:0,(anonymous_17)
FNDA:0,(anonymous_18)
FNDA:0,(anonymous_19)
FNDA:0,(anonymous_20)
FNDA:0,(anonymous_21)
FNDA:0,(anonymous_22)
FNDA:0,(anonymous_23)
FNDA:0,(anonymous_24)
FNDA:0,(anonymous_25)
FNDA:0,(anonymous_26)
FNDA:0,(anonymous_27)
FNDA:0,(anonymous_28)
FNDA:0,(anonymous_29)
FNDA:0,(anonymous_30)
FNDA:0,(anonymous_31)
FNDA:0,(anonymous_32)
FNDA:0,(anonymous_33)
FNDA:0,(anonymous_34)
FNDA:0,(anonymous_35)
FNDA:0,(anonymous_36)
FNDA:0,(anonymous_37)
FNDA:0,getTierBenefits
FNDA:0,getNextTierRequirements
FNDA:0,calculateTierProgress
FNDA:0,getNextPayoutDate
FNDA:0,getPeriodDescription
FNDA:0,calculateAverageTimeToFirstSale
FNDA:0,(anonymous_44)
FNDA:0,(anonymous_45)
FNDA:0,getTopPerformingGenres
FNDA:0,(anonymous_47)
FNDA:0,(anonymous_48)
FNDA:0,calculateRepeatPurchaseRate
FNDA:0,(anonymous_50)
FNDA:0,(anonymous_51)
FNDA:0,calculateAverageReaderLTV
FNDA:0,(anonymous_53)
FNDA:0,(anonymous_54)
FNDA:0,calculateAverageProcessingTime
FNDA:0,(anonymous_56)
FNDA:0,(anonymous_57)
FNDA:0,handleExportFormat
FNDA:0,generateCSV
FNDA:0,(anonymous_60)
FNDA:0,(anonymous_61)
FNDA:0,generateXLSX
FNDA:0,(anonymous_63)
FNDA:0,(anonymous_64)
FNDA:0,createWorksheet
FNDA:0,createXLSXBuffer
FNDA:0,(anonymous_67)
FNDA:0,(anonymous_68)
FNDA:0,(anonymous_69)
FNDA:0,(anonymous_70)
FNDA:0,encodeCell
FNDA:0,encodeRange
FNDA:0,subscribeToRealtimeUpdates
FNDA:0,checkForUpdates
FNDA:0,(anonymous_75)
FNDA:0,cleanupRealtimeSubscriptions
DA:1,0
DA:2,0
DA:3,0
DA:5,0
DA:18,0
DA:19,0
DA:29,0
DA:30,0
DA:34,0
DA:35,0
DA:37,0
DA:38,0
DA:39,0
DA:42,0
DA:47,0
DA:52,0
DA:53,0
DA:54,0
DA:55,0
DA:56,0
DA:57,0
DA:59,0
DA:62,0
DA:67,0
DA:68,0
DA:69,0
DA:80,0
DA:81,0
DA:83,0
DA:88,0
DA:89,0
DA:90,0
DA:91,0
DA:92,0
DA:93,0
DA:94,0
DA:95,0
DA:96,0
DA:97,0
DA:98,0
DA:99,0
DA:102,0
DA:105,0
DA:106,0
DA:107,0
DA:109,0
DA:110,0
DA:111,0
DA:112,0
DA:113,0
DA:118,0
DA:119,0
DA:122,0
DA:123,0
DA:126,0
DA:145,0
DA:147,0
DA:150,0
DA:152,0
DA:155,0
DA:157,0
DA:158,0
DA:160,0
DA:161,0
DA:162,0
DA:163,0
DA:165,0
DA:166,0
DA:168,0
DA:169,0
DA:171,0
DA:172,0
DA:174,0
DA:175,0
DA:177,0
DA:181,0
DA:187,0
DA:188,0
DA:190,0
DA:195,0
DA:196,0
DA:197,0
DA:203,0
DA:208,0
DA:209,0
DA:214,0
DA:215,0
DA:222,0
DA:223,0
DA:224,0
DA:225,0
DA:228,0
DA:247,0
DA:248,0
DA:250,0
DA:252,0
DA:253,0
DA:256,0
DA:257,0
DA:259,0
DA:261,0
DA:262,0
DA:265,0
DA:266,0
DA:267,0
DA:268,0
DA:279,0
DA:297,0
DA:298,0
DA:301,0
DA:302,0
DA:312,0
DA:313,0
DA:326,0
DA:329,0
DA:346,0
DA:347,0
DA:350,0
DA:351,0
DA:354,0
DA:356,0
DA:357,0
DA:358,0
DA:362,0
DA:376,0
DA:377,0
DA:378,0
DA:379,0
DA:382,0
DA:383,0
DA:384,0
DA:385,0
DA:386,0
DA:387,0
DA:407,0
DA:408,0
DA:409,0
DA:410,0
DA:411,0
DA:413,0
DA:414,0
DA:415,0
DA:417,0
DA:418,0
DA:423,0
DA:424,0
DA:425,0
DA:431,0
DA:434,0
DA:435,0
DA:436,0
DA:437,0
DA:460,0
DA:461,0
DA:462,0
DA:463,0
DA:465,0
DA:468,0
DA:470,0
DA:471,0
DA:472,0
DA:475,0
DA:476,0
DA:477,0
DA:479,0
DA:480,0
DA:481,0
DA:483,0
DA:484,0
DA:485,0
DA:488,0
DA:489,0
DA:490,0
DA:493,0
DA:494,0
DA:495,0
DA:498,0
DA:500,0
DA:504,0
DA:505,0
DA:510,0
DA:514,0
DA:518,0
DA:534,0
DA:535,0
DA:536,0
DA:537,0
DA:539,0
DA:561,0
DA:562,0
DA:563,0
DA:566,0
DA:569,0
DA:605,0
DA:607,0
DA:608,0
DA:609,0
DA:610,0
DA:612,0
DA:613,0
DA:614,0
DA:615,0
DA:617,0
DA:618,0
DA:620,0
DA:621,0
DA:623,0
DA:624,0
DA:625,0
DA:626,0
DA:628,0
DA:629,0
DA:631,0
DA:632,0
DA:636,0
DA:649,0
DA:650,0
DA:651,0
DA:658,0
DA:659,0
DA:660,0
DA:681,0
DA:682,0
DA:683,0
DA:684,0
DA:685,0
DA:686,0
DA:687,0
DA:690,0
DA:697,0
DA:703,0
DA:704,0
DA:705,0
DA:708,0
DA:742,0
DA:743,0
DA:747,0
DA:748,0
DA:751,0
DA:761,0
DA:762,0
DA:773,0
DA:779,0
DA:783,0
DA:790,0
DA:791,0
DA:793,0
DA:809,0
DA:812,0
DA:813,0
DA:817,0
DA:818,0
DA:819,0
DA:823,0
DA:835,0
DA:839,0
DA:840,0
DA:842,0
DA:843,0
DA:844,0
DA:845,0
DA:846,0
DA:849,0
DA:853,0
DA:855,0
DA:856,0
DA:857,0
DA:858,0
DA:859,0
DA:860,0
DA:864,0
DA:865,0
DA:870,0
DA:872,0
DA:873,0
DA:874,0
DA:877,0
DA:878,0
DA:880,0
DA:884,0
DA:886,0
DA:887,0
DA:888,0
DA:891,0
DA:892,0
DA:896,0
DA:897,0
DA:899,0
DA:900,0
DA:901,0
DA:902,0
DA:903,0
DA:906,0
DA:910,0
DA:911,0
DA:912,0
DA:918,0
DA:919,0
DA:920,0
DA:928,0
DA:932,0
DA:941,0
DA:950,0
DA:958,0
DA:968,0
DA:970,0
DA:980,0
DA:982,0
DA:992,0
DA:1001,0
DA:1009,0
DA:1010,0
DA:1014,0
DA:1015,0
DA:1016,0
DA:1018,0
DA:1019,0
DA:1020,0
DA:1021,0
DA:1022,0
DA:1023,0
DA:1025,0
DA:1026,0
DA:1027,0
DA:1028,0
DA:1032,0
DA:1033,0
DA:1037,0
DA:1038,0
DA:1039,0
DA:1040,0
DA:1041,0
DA:1044,0
DA:1049,0
DA:1053,0
DA:1063,0
DA:1067,0
DA:1068,0
DA:1072,0
DA:1077,0
DA:1078,0
DA:1080,0
DA:1083,0
DA:1090,0
DA:1091,0
DA:1092,0
DA:1099,0
DA:1104,0
DA:1105,0
DA:1106,0
DA:1107,0
LF:351
LH:0
BRDA:35,0,0,0
BRDA:38,1,0,0
BRDA:46,2,0,0
BRDA:54,3,0,0
BRDA:54,4,0,0
BRDA:54,4,1,0
BRDA:59,5,0,0
BRDA:66,6,0,0
BRDA:80,7,0,0
BRDA:81,8,0,0
BRDA:81,8,1,0
BRDA:83,9,0,0
BRDA:83,9,1,0
BRDA:88,10,0,0
BRDA:88,10,1,0
BRDA:89,11,0,0
BRDA:89,11,1,0
BRDA:97,12,0,0
BRDA:97,12,1,0
BRDA:98,13,0,0
BRDA:98,13,1,0
BRDA:99,14,0,0
BRDA:99,14,1,0
BRDA:106,15,0,0
BRDA:109,16,0,0
BRDA:109,16,1,0
BRDA:109,16,2,0
BRDA:109,16,3,0
BRDA:118,17,0,0
BRDA:122,18,0,0
BRDA:150,19,0,0
BRDA:150,19,1,0
BRDA:155,20,0,0
BRDA:155,20,1,0
BRDA:155,20,2,0
BRDA:155,20,3,0
BRDA:155,20,4,0
BRDA:155,20,5,0
BRDA:155,20,6,0
BRDA:188,21,0,0
BRDA:188,21,1,0
BRDA:190,22,0,0
BRDA:190,22,1,0
BRDA:190,23,0,0
BRDA:190,23,1,0
BRDA:190,24,0,0
BRDA:190,24,1,0
BRDA:196,25,0,0
BRDA:207,26,0,0
BRDA:222,27,0,0
BRDA:252,28,0,0
BRDA:257,29,0,0
BRDA:267,30,0,0
BRDA:267,31,0,0
BRDA:267,31,1,0
BRDA:272,32,0,0
BRDA:272,32,1,0
BRDA:297,33,0,0
BRDA:301,34,0,0
BRDA:312,35,0,0
BRDA:312,36,0,0
BRDA:312,36,1,0
BRDA:336,37,0,0
BRDA:336,37,1,0
BRDA:346,38,0,0
BRDA:346,39,0,0
BRDA:346,39,1,0
BRDA:350,40,0,0
BRDA:356,41,0,0
BRDA:376,42,0,0
BRDA:376,42,1,0
BRDA:377,43,0,0
BRDA:377,43,1,0
BRDA:379,44,0,0
BRDA:379,44,1,0
BRDA:386,45,0,0
BRDA:389,46,0,0
BRDA:389,46,1,0
BRDA:414,47,0,0
BRDA:414,48,0,0
BRDA:414,48,1,0
BRDA:417,49,0,0
BRDA:417,50,0,0
BRDA:417,50,1,0
BRDA:428,51,0,0
BRDA:428,51,1,0
BRDA:429,52,0,0
BRDA:429,52,1,0
BRDA:434,53,0,0
BRDA:434,53,1,0
BRDA:434,54,0,0
BRDA:434,54,1,0
BRDA:440,55,0,0
BRDA:440,55,1,0
BRDA:441,56,0,0
BRDA:441,56,1,0
BRDA:447,57,0,0
BRDA:447,57,1,0
BRDA:460,58,0,0
BRDA:460,58,1,0
BRDA:463,59,0,0
BRDA:463,59,1,0
BRDA:468,60,0,0
BRDA:468,60,1,0
BRDA:488,61,0,0
BRDA:488,61,1,0
BRDA:490,62,0,0
BRDA:490,62,1,0
BRDA:493,63,0,0
BRDA:493,63,1,0
BRDA:495,64,0,0
BRDA:495,64,1,0
BRDA:509,65,0,0
BRDA:509,65,1,0
BRDA:518,66,0,0
BRDA:518,66,1,0
BRDA:518,67,0,0
BRDA:518,67,1,0
BRDA:522,68,0,0
BRDA:522,68,1,0
BRDA:523,69,0,0
BRDA:523,69,1,0
BRDA:527,70,0,0
BRDA:527,70,1,0
BRDA:528,71,0,0
BRDA:528,71,1,0
BRDA:534,72,0,0
BRDA:534,72,1,0
BRDA:544,73,0,0
BRDA:544,73,1,0
BRDA:550,74,0,0
BRDA:550,74,1,0
BRDA:555,75,0,0
BRDA:555,75,1,0
BRDA:562,76,0,0
BRDA:562,76,1,0
BRDA:563,77,0,0
BRDA:563,77,1,0
BRDA:577,78,0,0
BRDA:577,78,1,0
BRDA:579,79,0,0
BRDA:579,79,1,0
BRDA:592,80,0,0
BRDA:592,80,1,0
BRDA:607,81,0,0
BRDA:607,81,1,0
BRDA:609,82,0,0
BRDA:612,83,0,0
BRDA:612,83,1,0
BRDA:614,84,0,0
BRDA:617,85,0,0
BRDA:620,86,0,0
BRDA:623,87,0,0
BRDA:625,88,0,0
BRDA:628,89,0,0
BRDA:631,90,0,0
BRDA:637,91,0,0
BRDA:637,91,1,0
BRDA:638,92,0,0
BRDA:638,92,1,0
BRDA:642,93,0,0
BRDA:642,93,1,0
BRDA:643,94,0,0
BRDA:643,94,1,0
BRDA:649,95,0,0
BRDA:658,96,0,0
BRDA:667,97,0,0
BRDA:667,97,1,0
BRDA:668,98,0,0
BRDA:668,98,1,0
BRDA:669,99,0,0
BRDA:669,99,1,0
BRDA:670,100,0,0
BRDA:670,100,1,0
BRDA:682,101,0,0
BRDA:682,101,1,0
BRDA:683,102,0,0
BRDA:683,102,1,0
BRDA:684,103,0,0
BRDA:684,103,1,0
BRDA:685,104,0,0
BRDA:685,104,1,0
BRDA:686,105,0,0
BRDA:686,105,1,0
BRDA:689,106,0,0
BRDA:689,106,1,0
BRDA:718,107,0,0
BRDA:718,107,1,0
BRDA:729,108,0,0
BRDA:729,108,1,0
BRDA:730,109,0,0
BRDA:730,109,1,0
BRDA:731,110,0,0
BRDA:731,110,1,0
BRDA:732,111,0,0
BRDA:732,111,1,0
BRDA:737,112,0,0
BRDA:737,112,1,0
BRDA:742,113,0,0
BRDA:747,114,0,0
BRDA:747,115,0,0
BRDA:747,115,1,0
BRDA:756,116,0,0
BRDA:756,116,1,0
BRDA:764,117,0,0
BRDA:764,117,1,0
BRDA:779,118,0,0
BRDA:779,118,1,0
BRDA:791,119,0,0
BRDA:835,120,0,0
BRDA:835,120,1,0
BRDA:839,121,0,0
BRDA:839,121,1,0
BRDA:840,122,0,0
BRDA:856,123,0,0
BRDA:857,124,0,0
BRDA:857,124,1,0
BRDA:873,125,0,0
BRDA:873,125,1,0
BRDA:880,126,0,0
BRDA:880,126,1,0
BRDA:887,127,0,0
BRDA:887,127,1,0
BRDA:892,128,0,0
BRDA:892,128,1,0
BRDA:896,129,0,0
BRDA:896,129,1,0
BRDA:897,130,0,0
BRDA:910,131,0,0
BRDA:910,131,1,0
BRDA:918,132,0,0
BRDA:941,133,0,0
BRDA:941,133,1,0
BRDA:943,134,0,0
BRDA:943,134,1,0
BRDA:944,135,0,0
BRDA:944,135,1,0
BRDA:945,136,0,0
BRDA:945,136,1,0
BRDA:946,137,0,0
BRDA:946,137,1,0
BRDA:947,138,0,0
BRDA:947,138,1,0
BRDA:961,139,0,0
BRDA:961,139,1,0
BRDA:962,140,0,0
BRDA:962,140,1,0
BRDA:963,141,0,0
BRDA:963,141,1,0
BRDA:964,142,0,0
BRDA:964,142,1,0
BRDA:965,143,0,0
BRDA:965,143,1,0
BRDA:970,144,0,0
BRDA:970,144,1,0
BRDA:972,145,0,0
BRDA:972,145,1,0
BRDA:973,146,0,0
BRDA:973,146,1,0
BRDA:974,147,0,0
BRDA:974,147,1,0
BRDA:975,148,0,0
BRDA:975,148,1,0
BRDA:976,149,0,0
BRDA:976,149,1,0
BRDA:982,150,0,0
BRDA:982,150,1,0
BRDA:983,151,0,0
BRDA:983,151,1,0
BRDA:984,152,0,0
BRDA:984,152,1,0
BRDA:985,153,0,0
BRDA:985,153,1,0
BRDA:986,154,0,0
BRDA:986,154,1,0
BRDA:987,155,0,0
BRDA:987,155,1,0
BRDA:1019,156,0,0
BRDA:1019,156,1,0
BRDA:1020,157,0,0
BRDA:1021,158,0,0
BRDA:1022,159,0,0
BRDA:1023,160,0,0
BRDA:1028,161,0,0
BRDA:1028,161,1,0
BRDA:1080,162,0,0
BRDA:1090,163,0,0
BRDA:1090,164,0,0
BRDA:1090,164,1,0
BRDA:1106,165,0,0
BRF:290
BRH:0
end_of_record
TN:
SF:app\api\creators\earnings\enhanced\route.ts
FN:14,getRelationData
FN:21,GET
FN:32,handleDeprecatedEnhancedRequest
FN:82,fallbackToOriginalEnhancedLogic
FN:149,(anonymous_5)
FN:150,(anonymous_6)
FN:151,(anonymous_7)
FN:155,(anonymous_8)
FN:182,(anonymous_9)
FN:185,(anonymous_10)
FN:188,(anonymous_11)
FN:208,(anonymous_12)
FN:213,(anonymous_13)
FN:220,(anonymous_14)
FN:221,(anonymous_15)
FNF:15
FNH:0
FNDA:0,getRelationData
FNDA:0,GET
FNDA:0,handleDeprecatedEnhancedRequest
FNDA:0,fallbackToOriginalEnhancedLogic
FNDA:0,(anonymous_5)
FNDA:0,(anonymous_6)
FNDA:0,(anonymous_7)
FNDA:0,(anonymous_8)
FNDA:0,(anonymous_9)
FNDA:0,(anonymous_10)
FNDA:0,(anonymous_11)
FNDA:0,(anonymous_12)
FNDA:0,(anonymous_13)
FNDA:0,(anonymous_14)
FNDA:0,(anonymous_15)
DA:1,0
DA:2,0
DA:3,0
DA:4,0
DA:10,0
DA:11,0
DA:15,0
DA:16,0
DA:18,0
DA:21,0
DA:22,0
DA:24,0
DA:25,0
DA:27,0
DA:28,0
DA:34,0
DA:37,0
DA:40,0
DA:41,0
DA:44,0
DA:45,0
DA:48,0
DA:51,0
DA:53,0
DA:55,0
DA:56,0
DA:64,0
DA:67,0
DA:68,0
DA:69,0
DA:70,0
DA:71,0
DA:72,0
DA:74,0
DA:77,0
DA:78,0
DA:83,0
DA:84,0
DA:85,0
DA:87,0
DA:88,0
DA:91,0
DA:93,0
DA:95,0
DA:97,0
DA:98,0
DA:100,0
DA:101,0
DA:103,0
DA:105,0
DA:106,0
DA:109,0
DA:111,0
DA:115,0
DA:122,0
DA:135,0
DA:149,0
DA:150,0
DA:151,0
DA:154,0
DA:155,0
DA:156,0
DA:157,0
DA:158,0
DA:159,0
DA:170,0
DA:171,0
DA:172,0
DA:173,0
DA:174,0
DA:176,0
DA:177,0
DA:182,0
DA:185,0
DA:188,0
DA:189,0
DA:190,0
DA:191,0
DA:203,0
DA:204,0
DA:205,0
DA:206,0
DA:208,0
DA:209,0
DA:210,0
DA:213,0
DA:214,0
DA:215,0
DA:218,0
DA:220,0
DA:221,0
DA:227,0
DA:228,0
DA:231,0
DA:248,0
DA:249,0
DA:250,0
DA:251,0
DA:252,0
DA:254,0
LF:100
LH:0
BRDA:15,0,0,0
BRDA:16,1,0,0
BRDA:16,1,1,0
BRDA:18,2,0,0
BRDA:18,2,1,0
BRDA:44,3,0,0
BRDA:44,3,1,0
BRDA:59,4,0,0
BRDA:59,4,1,0
BRDA:60,5,0,0
BRDA:60,5,1,0
BRDA:84,6,0,0
BRDA:88,7,0,0
BRDA:88,7,1,0
BRDA:95,8,0,0
BRDA:95,8,1,0
BRDA:95,8,2,0
BRDA:95,8,3,0
BRDA:95,8,4,0
BRDA:149,9,0,0
BRDA:149,9,1,0
BRDA:150,10,0,0
BRDA:150,10,1,0
BRDA:158,11,0,0
BRDA:161,12,0,0
BRDA:161,12,1,0
BRDA:176,13,0,0
BRDA:176,14,0,0
BRDA:176,14,1,0
BRDA:188,15,0,0
BRDA:188,15,1,0
BRDA:193,16,0,0
BRDA:193,16,1,0
BRDA:194,17,0,0
BRDA:194,17,1,0
BRDA:208,18,0,0
BRDA:208,18,1,0
BRDA:210,19,0,0
BRDA:210,19,1,0
BRDA:213,20,0,0
BRDA:213,20,1,0
BRDA:215,21,0,0
BRDA:215,21,1,0
BRDA:228,22,0,0
BRDA:228,22,1,0
BRDA:238,23,0,0
BRDA:238,23,1,0
BRDA:239,24,0,0
BRDA:239,24,1,0
BRF:49
BRH:0
end_of_record
TN:
SF:app\api\creators\earnings\unified\route.ts
FN:8,getRelationData
FN:20,GET
FN:118,(anonymous_3)
FN:119,(anonymous_4)
FN:120,(anonymous_5)
FN:124,(anonymous_6)
FN:152,(anonymous_7)
FN:155,(anonymous_8)
FN:158,(anonymous_9)
FN:174,(anonymous_10)
FN:180,(anonymous_11)
FN:185,(anonymous_12)
FN:190,(anonymous_13)
FN:194,(anonymous_14)
FN:195,(anonymous_15)
FN:215,(anonymous_16)
FN:288,(anonymous_17)
FN:299,(anonymous_18)
FN:300,(anonymous_19)
FN:301,(anonymous_20)
FN:302,(anonymous_21)
FN:303,(anonymous_22)
FN:304,(anonymous_23)
FNF:23
FNH:0
FNDA:0,getRelationData
FNDA:0,GET
FNDA:0,(anonymous_3)
FNDA:0,(anonymous_4)
FNDA:0,(anonymous_5)
FNDA:0,(anonymous_6)
FNDA:0,(anonymous_7)
FNDA:0,(anonymous_8)
FNDA:0,(anonymous_9)
FNDA:0,(anonymous_10)
FNDA:0,(anonymous_11)
FNDA:0,(anonymous_12)
FNDA:0,(anonymous_13)
FNDA:0,(anonymous_14)
FNDA:0,(anonymous_15)
FNDA:0,(anonymous_16)
FNDA:0,(anonymous_17)
FNDA:0,(anonymous_18)
FNDA:0,(anonymous_19)
FNDA:0,(anonymous_20)
FNDA:0,(anonymous_21)
FNDA:0,(anonymous_22)
FNDA:0,(anonymous_23)
DA:1,0
DA:2,0
DA:3,0
DA:4,0
DA:9,0
DA:10,0
DA:12,0
DA:20,0
DA:21,0
DA:22,0
DA:23,0
DA:24,0
DA:26,0
DA:27,0
DA:28,0
DA:29,0
DA:30,0
DA:31,0
DA:32,0
DA:33,0
DA:36,0
DA:51,0
DA:52,0
DA:60,0
DA:62,0
DA:65,0
DA:67,0
DA:70,0
DA:72,0
DA:73,0
DA:75,0
DA:76,0
DA:77,0
DA:78,0
DA:80,0
DA:81,0
DA:83,0
DA:84,0
DA:86,0
DA:91,0
DA:104,0
DA:118,0
DA:119,0
DA:120,0
DA:123,0
DA:124,0
DA:125,0
DA:126,0
DA:127,0
DA:128,0
DA:140,0
DA:141,0
DA:142,0
DA:143,0
DA:144,0
DA:146,0
DA:147,0
DA:152,0
DA:155,0
DA:158,0
DA:159,0
DA:160,0
DA:161,0
DA:174,0
DA:175,0
DA:176,0
DA:177,0
DA:178,0
DA:180,0
DA:181,0
DA:182,0
DA:185,0
DA:186,0
DA:187,0
DA:190,0
DA:192,0
DA:194,0
DA:195,0
DA:200,0
DA:204,0
DA:205,0
DA:208,0
DA:209,0
DA:210,0
DA:211,0
DA:212,0
DA:215,0
DA:216,0
DA:217,0
DA:219,0
DA:220,0
DA:221,0
DA:222,0
DA:223,0
DA:224,0
DA:229,0
DA:277,0
DA:278,0
DA:279,0
DA:286,0
DA:287,0
DA:288,0
DA:299,0
DA:300,0
DA:301,0
DA:302,0
DA:303,0
DA:304,0
DA:310,0
DA:315,0
DA:318,0
DA:319,0
LF:112
LH:0
BRDA:9,0,0,0
BRDA:10,1,0,0
BRDA:10,1,1,0
BRDA:12,2,0,0
BRDA:12,2,1,0
BRDA:23,3,0,0
BRDA:27,4,0,0
BRDA:27,4,1,0
BRDA:33,5,0,0
BRDA:33,5,1,0
BRDA:51,6,0,0
BRDA:51,7,0,0
BRDA:51,7,1,0
BRDA:65,8,0,0
BRDA:65,8,1,0
BRDA:70,9,0,0
BRDA:70,9,1,0
BRDA:70,9,2,0
BRDA:70,9,3,0
BRDA:70,9,4,0
BRDA:118,10,0,0
BRDA:118,10,1,0
BRDA:119,11,0,0
BRDA:119,11,1,0
BRDA:127,12,0,0
BRDA:130,13,0,0
BRDA:130,13,1,0
BRDA:146,14,0,0
BRDA:146,15,0,0
BRDA:146,15,1,0
BRDA:158,16,0,0
BRDA:158,16,1,0
BRDA:158,17,0,0
BRDA:158,17,1,0
BRDA:163,18,0,0
BRDA:163,18,1,0
BRDA:164,19,0,0
BRDA:164,19,1,0
BRDA:174,20,0,0
BRDA:174,20,1,0
BRDA:180,21,0,0
BRDA:180,21,1,0
BRDA:182,22,0,0
BRDA:182,22,1,0
BRDA:185,23,0,0
BRDA:185,23,1,0
BRDA:187,24,0,0
BRDA:187,24,1,0
BRDA:205,25,0,0
BRDA:205,25,1,0
BRDA:208,26,0,0
BRDA:208,26,1,0
BRDA:216,27,0,0
BRDA:219,28,0,0
BRDA:219,28,1,0
BRDA:219,28,2,0
BRDA:219,28,3,0
BRDA:219,28,4,0
BRDA:233,29,0,0
BRDA:233,29,1,0
BRDA:235,30,0,0
BRDA:235,30,1,0
BRDA:246,31,0,0
BRDA:246,31,1,0
BRDA:257,32,0,0
BRDA:257,32,1,0
BRDA:277,33,0,0
BRDA:286,34,0,0
BRDA:294,35,0,0
BRDA:294,35,1,0
BRDA:295,36,0,0
BRDA:295,36,1,0
BRDA:300,37,0,0
BRDA:300,37,1,0
BRDA:301,38,0,0
BRDA:301,38,1,0
BRDA:302,39,0,0
BRDA:302,39,1,0
BRDA:303,40,0,0
BRDA:303,40,1,0
BRDA:304,41,0,0
BRDA:304,41,1,0
BRF:82
BRH:0
end_of_record
TN:
SF:app\api\creators\payout\route.ts
FN:16,POST
FN:77,(anonymous_5)
FN:142,GET
FN:145,(anonymous_7)
FNF:4
FNH:0
FNDA:0,POST
FNDA:0,(anonymous_5)
FNDA:0,GET
FNDA:0,(anonymous_7)
DA:1,0
DA:2,0
DA:3,0
DA:4,0
DA:5,0
DA:6,0
DA:8,0
DA:10,0
DA:14,0
DA:16,0
DA:17,0
DA:18,0
DA:19,0
DA:20,0
DA:23,0
DA:29,0
DA:30,0
DA:33,0
DA:34,0
DA:42,0
DA:43,0
DA:50,0
DA:51,0
DA:52,0
DA:53,0
DA:59,0
DA:60,0
DA:67,0
DA:73,0
DA:74,0
DA:77,0
DA:80,0
DA:92,0
DA:106,0
DA:107,0
DA:108,0
DA:112,0
DA:120,0
DA:121,0
DA:124,0
DA:137,0
DA:138,0
DA:142,0
DA:143,0
DA:144,0
DA:145,0
DA:147,0
DA:148,0
DA:149,0
DA:153,0
DA:160,0
DA:163,0
DA:164,0
LF:53
LH:0
BRDA:19,0,0,0
BRDA:29,1,0,0
BRDA:33,2,0,0
BRDA:42,3,0,0
BRDA:52,4,0,0
BRDA:52,5,0,0
BRDA:52,5,1,0
BRDA:73,6,0,0
BRDA:73,7,0,0
BRDA:73,7,1,0
BRDA:106,8,0,0
BRDA:120,9,0,0
BRDA:148,10,0,0
BRF:13
BRH:0
end_of_record
TN:
SF:app\api\creators\stripe\callback\route.ts
FN:18,GET
FN:115,POST
FN:127,(anonymous_7)
FN:171,OPTIONS
FNF:4
FNH:0
FNDA:0,GET
FNDA:0,POST
FNDA:0,(anonymous_7)
FNDA:0,OPTIONS
DA:1,0
DA:2,0
DA:3,0
DA:4,0
DA:5,0
DA:6,0
DA:8,0
DA:10,0
DA:15,0
DA:18,0
DA:19,0
DA:20,0
DA:21,0
DA:22,0
DA:24,0
DA:25,0
DA:30,0
DA:31,0
DA:32,0
DA:36,0
DA:39,0
DA:45,0
DA:46,0
DA:51,0
DA:52,0
DA:58,0
DA:59,0
DA:61,0
DA:63,0
DA:66,0
DA:73,0
DA:75,0
DA:86,0
DA:89,0
DA:90,0
DA:94,0
DA:100,0
DA:101,0
DA:107,0
DA:108,0
DA:115,0
DA:116,0
DA:117,0
DA:118,0
DA:120,0
DA:121,0
DA:126,0
DA:127,0
DA:129,0
DA:130,0
DA:131,0
DA:135,0
DA:141,0
DA:142,0
DA:148,0
DA:150,0
DA:164,0
DA:165,0
DA:171,0
DA:172,0
LF:60
LH:0
BRDA:15,0,0,0
BRDA:15,0,1,0
BRDA:24,1,0,0
BRDA:31,2,0,0
BRDA:45,3,0,0
BRDA:51,4,0,0
BRDA:61,5,0,0
BRDA:61,5,1,0
BRDA:63,6,0,0
BRDA:63,6,1,0
BRDA:73,7,0,0
BRDA:73,7,1,0
BRDA:89,8,0,0
BRDA:89,8,1,0
BRDA:120,9,0,0
BRDA:130,10,0,0
BRDA:141,11,0,0
BRDA:141,12,0,0
BRDA:141,12,1,0
BRDA:153,13,0,0
BRDA:153,13,1,0
BRDA:157,14,0,0
BRDA:157,14,1,0
BRDA:158,15,0,0
BRDA:158,15,1,0
BRDA:159,16,0,0
BRDA:159,16,1,0
BRF:27
BRH:0
end_of_record
TN:
SF:app\api\creators\stripe\onboard\route.ts
FN:22,POST
FN:95,(anonymous_6)
FN:224,GET
FN:227,(anonymous_8)
FN:311,OPTIONS
FNF:5
FNH:0
FNDA:0,POST
FNDA:0,(anonymous_6)
FNDA:0,GET
FNDA:0,(anonymous_8)
FNDA:0,OPTIONS
DA:1,0
DA:2,0
DA:3,0
DA:4,0
DA:5,0
DA:6,0
DA:8,0
DA:10,0
DA:15,0
DA:22,0
DA:23,0
DA:24,0
DA:25,0
DA:26,0
DA:29,0
DA:35,0
DA:36,0
DA:40,0
DA:41,0
DA:48,0
DA:49,0
DA:58,0
DA:59,0
DA:61,0
DA:63,0
DA:64,0
DA:73,0
DA:80,0
DA:89,0
DA:95,0
DA:96,0
DA:99,0
DA:129,0
DA:137,0
DA:145,0
DA:146,0
DA:151,0
DA:162,0
DA:163,0
DA:167,0
DA:183,0
DA:186,0
DA:187,0
DA:189,0
DA:196,0
DA:202,0
DA:208,0
DA:216,0
DA:224,0
DA:225,0
DA:226,0
DA:227,0
DA:229,0
DA:230,0
DA:231,0
DA:235,0
DA:241,0
DA:242,0
DA:245,0
DA:246,0
DA:252,0
DA:253,0
DA:260,0
DA:261,0
DA:268,0
DA:269,0
DA:271,0
DA:272,0
DA:275,0
DA:295,0
DA:296,0
DA:304,0
DA:305,0
DA:311,0
DA:312,0
LF:75
LH:0
BRDA:15,0,0,0
BRDA:15,0,1,0
BRDA:25,1,0,0
BRDA:35,2,0,0
BRDA:40,3,0,0
BRDA:48,4,0,0
BRDA:58,5,0,0
BRDA:63,6,0,0
BRDA:63,6,1,0
BRDA:63,7,0,0
BRDA:63,7,1,0
BRDA:96,8,0,0
BRDA:96,9,0,0
BRDA:102,10,0,0
BRDA:102,10,1,0
BRDA:145,11,0,0
BRDA:162,12,0,0
BRDA:186,13,0,0
BRDA:187,14,0,0
BRDA:187,14,1,0
BRDA:187,14,2,0
BRDA:187,14,3,0
BRDA:192,15,0,0
BRDA:192,15,1,0
BRDA:211,16,0,0
BRDA:211,16,1,0
BRDA:230,17,0,0
BRDA:241,18,0,0
BRDA:245,19,0,0
BRDA:252,20,0,0
BRDA:260,21,0,0
BRDA:271,22,0,0
BRDA:271,22,1,0
BRDA:272,23,0,0
BRDA:272,23,1,0
BRDA:272,24,0,0
BRDA:272,24,1,0
BRDA:273,25,0,0
BRDA:273,25,1,0
BRDA:276,26,0,0
BRDA:276,26,1,0
BRDA:281,27,0,0
BRDA:281,27,1,0
BRDA:282,28,0,0
BRDA:282,28,1,0
BRDA:283,29,0,0
BRDA:283,29,1,0
BRDA:289,30,0,0
BRDA:289,30,1,0
BRF:49
BRH:0
end_of_record
TN:
SF:app\api\creators\stripe\refresh\route.ts
FN:18,GET
FN:102,POST
FN:105,(anonymous_7)
FN:201,OPTIONS
FNF:4
FNH:0
FNDA:0,GET
FNDA:0,POST
FNDA:0,(anonymous_7)
FNDA:0,OPTIONS
DA:1,0
DA:2,0
DA:3,0
DA:4,0
DA:5,0
DA:6,0
DA:8,0
DA:10,0
DA:15,0
DA:18,0
DA:19,0
DA:20,0
DA:21,0
DA:23,0
DA:24,0
DA:25,0
DA:29,0
DA:32,0
DA:38,0
DA:39,0
DA:44,0
DA:45,0
DA:51,0
DA:53,0
DA:54,0
DA:60,0
DA:61,0
DA:66,0
DA:68,0
DA:76,0
DA:79,0
DA:81,0
DA:83,0
DA:88,0
DA:94,0
DA:95,0
DA:102,0
DA:103,0
DA:104,0
DA:105,0
DA:107,0
DA:108,0
DA:109,0
DA:113,0
DA:119,0
DA:120,0
DA:123,0
DA:124,0
DA:129,0
DA:130,0
DA:137,0
DA:138,0
DA:145,0
DA:146,0
DA:149,0
DA:150,0
DA:160,0
DA:167,0
DA:177,0
DA:179,0
DA:180,0
DA:187,0
DA:194,0
DA:195,0
DA:201,0
DA:202,0
LF:66
LH:0
BRDA:15,0,0,0
BRDA:15,0,1,0
BRDA:24,1,0,0
BRDA:38,2,0,0
BRDA:44,3,0,0
BRDA:51,4,0,0
BRDA:51,4,1,0
BRDA:53,5,0,0
BRDA:60,6,0,0
BRDA:60,7,0,0
BRDA:60,7,1,0
BRDA:81,8,0,0
BRDA:108,9,0,0
BRDA:119,10,0,0
BRDA:123,11,0,0
BRDA:129,12,0,0
BRDA:137,13,0,0
BRDA:149,14,0,0
BRDA:149,15,0,0
BRDA:149,15,1,0
BRDA:179,16,0,0
BRF:21
BRH:0
end_of_record
TN:
SF:app\api\creators\stripe\status\route.ts
FN:12,GET
FN:80,(anonymous_6)
FN:192,PATCH
FN:276,OPTIONS
FNF:4
FNH:0
FNDA:0,GET
FNDA:0,(anonymous_6)
FNDA:0,PATCH
FNDA:0,OPTIONS
DA:1,0
DA:2,0
DA:3,0
DA:4,0
DA:7,0
DA:12,0
DA:13,0
DA:14,0
DA:15,0
DA:16,0
DA:19,0
DA:25,0
DA:26,0
DA:29,0
DA:30,0
DA:37,0
DA:38,0
DA:47,0
DA:48,0
DA:58,0
DA:60,0
DA:62,0
DA:63,0
DA:67,0
DA:70,0
DA:73,0
DA:74,0
DA:75,0
DA:76,0
DA:80,0
DA:90,0
DA:94,0
DA:156,0
DA:158,0
DA:160,0
DA:172,0
DA:184,0
DA:185,0
DA:192,0
DA:193,0
DA:194,0
DA:195,0
DA:197,0
DA:198,0
DA:199,0
DA:202,0
DA:208,0
DA:209,0
DA:215,0
DA:216,0
DA:217,0
DA:223,0
DA:226,0
DA:227,0
DA:229,0
DA:230,0
DA:232,0
DA:233,0
DA:236,0
DA:237,0
DA:242,0
DA:243,0
DA:249,0
DA:254,0
DA:261,0
DA:263,0
DA:264,0
DA:270,0
DA:276,0
DA:277,0
LF:70
LH:0
BRDA:15,0,0,0
BRDA:25,1,0,0
BRDA:29,2,0,0
BRDA:37,3,0,0
BRDA:47,4,0,0
BRDA:52,5,0,0
BRDA:52,5,1,0
BRDA:53,6,0,0
BRDA:53,6,1,0
BRDA:62,7,0,0
BRDA:62,7,1,0
BRDA:63,8,0,0
BRDA:63,8,1,0
BRDA:63,9,0,0
BRDA:63,9,1,0
BRDA:64,10,0,0
BRDA:64,10,1,0
BRDA:67,11,0,0
BRDA:67,11,1,0
BRDA:74,12,0,0
BRDA:95,13,0,0
BRDA:95,13,1,0
BRDA:96,14,0,0
BRDA:96,14,1,0
BRDA:109,15,0,0
BRDA:109,15,1,0
BRDA:110,16,0,0
BRDA:110,16,1,0
BRDA:111,17,0,0
BRDA:111,17,1,0
BRDA:124,18,0,0
BRDA:124,18,1,0
BRDA:125,19,0,0
BRDA:125,19,1,0
BRDA:129,20,0,0
BRDA:129,20,1,0
BRDA:138,21,0,0
BRDA:138,21,1,0
BRDA:139,22,0,0
BRDA:139,22,1,0
BRDA:147,23,0,0
BRDA:147,23,1,0
BRDA:158,24,0,0
BRDA:167,25,0,0
BRDA:167,25,1,0
BRDA:168,26,0,0
BRDA:168,26,1,0
BRDA:178,27,0,0
BRDA:178,27,1,0
BRDA:179,28,0,0
BRDA:179,28,1,0
BRDA:198,29,0,0
BRDA:208,30,0,0
BRDA:208,31,0,0
BRDA:208,31,1,0
BRDA:216,32,0,0
BRDA:226,33,0,0
BRDA:229,34,0,0
BRDA:229,35,0,0
BRDA:229,35,1,0
BRDA:232,36,0,0
BRDA:232,37,0,0
BRDA:232,37,1,0
BRDA:232,37,2,0
BRDA:236,38,0,0
BRDA:236,39,0,0
BRDA:236,39,1,0
BRDA:242,40,0,0
BRDA:263,41,0,0
BRF:69
BRH:0
end_of_record
TN:
SF:app\api\credits\balance\route.ts
FN:6,GET
FN:54,(anonymous_2)
FNF:2
FNH:0
FNDA:0,GET
FNDA:0,(anonymous_2)
DA:1,0
DA:2,0
DA:3,0
DA:6,0
DA:7,0
DA:8,0
DA:9,0
DA:10,0
DA:12,0
DA:13,0
DA:14,0
DA:17,0
DA:29,0
DA:30,0
DA:33,0
DA:34,0
DA:35,0
DA:42,0
DA:46,0
DA:47,0
DA:54,0
DA:57,0
DA:61,0
DA:84,0
DA:85,0
LF:25
LH:0
BRDA:9,0,0,0
BRDA:14,1,0,0
BRDA:14,1,1,0
BRDA:29,2,0,0
BRDA:34,3,0,0
BRDA:54,4,0,0
BRDA:54,4,1,0
BRDA:57,5,0,0
BRDA:57,5,1,0
BRDA:73,6,0,0
BRDA:73,6,1,0
BRDA:75,7,0,0
BRDA:75,7,1,0
BRF:13
BRH:0
end_of_record
TN:
SF:app\api\credits\packages\route.ts
FN:6,GET
FN:9,(anonymous_2)
FN:24,(anonymous_3)
FNF:3
FNH:0
FNDA:0,GET
FNDA:0,(anonymous_2)
FNDA:0,(anonymous_3)
DA:1,0
DA:2,0
DA:3,0
DA:6,0
DA:7,0
DA:8,0
DA:9,0
DA:12,0
DA:18,0
DA:19,0
DA:20,0
DA:24,0
DA:25,0
DA:26,0
DA:27,0
DA:29,0
DA:39,0
DA:48,0
DA:49,0
LF:19
LH:0
BRDA:18,0,0,0
BRDA:24,1,0,0
BRDA:24,1,1,0
BRDA:35,2,0,0
BRDA:35,2,1,0
BRF:5
BRH:0
end_of_record
TN:
SF:app\api\credits\purchase\route.ts
FN:11,POST
FNF:1
FNH:0
FNDA:0,POST
DA:1,0
DA:2,0
DA:3,0
DA:4,0
DA:7,0
DA:11,0
DA:12,0
DA:13,0
DA:14,0
DA:15,0
DA:17,0
DA:20,0
DA:27,0
DA:28,0
DA:32,0
DA:38,0
DA:40,0
DA:41,0
DA:45,0
DA:47,0
DA:54,0
DA:67,0
DA:80,0
DA:81,0
DA:82,0
DA:85,0
DA:91,0
DA:92,0
LF:28
LH:0
BRDA:14,0,0,0
BRDA:27,1,0,0
BRDA:27,2,0,0
BRDA:27,2,1,0
BRDA:40,3,0,0
BRDA:80,4,0,0
BRF:6
BRH:0
end_of_record
TN:
SF:app\api\dashboard\route.ts
FN:6,GET
FN:85,(anonymous_4)
FN:143,OPTIONS
FNF:3
FNH:0
FNDA:0,GET
FNDA:0,(anonymous_4)
FNDA:0,OPTIONS
DA:1,0
DA:2,0
DA:4,0
DA:6,0
DA:7,0
DA:8,0
DA:11,0
DA:13,0
DA:14,0
DA:27,0
DA:33,0
DA:34,0
DA:37,0
DA:38,0
DA:49,0
DA:50,0
DA:59,0
DA:65,0
DA:75,0
DA:76,0
DA:77,0
DA:79,0
DA:85,0
DA:86,0
DA:88,0
DA:89,0
DA:91,0
DA:101,0
DA:111,0
DA:127,0
DA:129,0
DA:143,0
DA:144,0
LF:33
LH:0
BRDA:13,0,0,0
BRDA:13,1,0,0
BRDA:13,1,1,0
BRDA:33,2,0,0
BRDA:37,3,0,0
BRDA:42,4,0,0
BRDA:42,4,1,0
BRDA:43,5,0,0
BRDA:43,5,1,0
BRDA:43,5,2,0
BRDA:43,5,3,0
BRDA:49,6,0,0
BRDA:75,7,0,0
BRDA:75,7,1,0
BRDA:85,8,0,0
BRDA:85,8,1,0
BRDA:86,9,0,0
BRDA:86,9,1,0
BRDA:86,10,0,0
BRDA:86,10,1,0
BRDA:89,11,0,0
BRDA:89,11,1,0
BRDA:92,12,0,0
BRDA:92,12,1,0
BRDA:94,13,0,0
BRDA:94,13,1,0
BRDA:115,14,0,0
BRDA:115,14,1,0
BRDA:133,15,0,0
BRDA:133,15,1,0
BRF:30
BRH:0
end_of_record
TN:
SF:app\api\errors\route.ts
FN:94,generateErrorFingerprint
FN:107,calculateErrorSeverity
FN:147,calculatePriorityScore
FN:170,validateErrorReport
FN:218,(anonymous_7)
FN:223,(anonymous_8)
FN:235,isValidCategory
FN:245,sanitizeString
FN:254,sanitizeValue
FN:263,storeError
FN:315,sendErrorAlert
FN:372,POST
FN:409,(anonymous_15)
FN:433,(anonymous_16)
FN:473,(anonymous_17)
FN:491,GET
FN:558,(anonymous_19)
FN:570,(anonymous_20)
FNF:18
FNH:0
FNDA:0,generateErrorFingerprint
FNDA:0,calculateErrorSeverity
FNDA:0,calculatePriorityScore
FNDA:0,validateErrorReport
FNDA:0,(anonymous_7)
FNDA:0,(anonymous_8)
FNDA:0,isValidCategory
FNDA:0,sanitizeString
FNDA:0,sanitizeValue
FNDA:0,storeError
FNDA:0,sendErrorAlert
FNDA:0,POST
FNDA:0,(anonymous_15)
FNDA:0,(anonymous_16)
FNDA:0,(anonymous_17)
FNDA:0,GET
FNDA:0,(anonymous_19)
FNDA:0,(anonymous_20)
DA:1,0
DA:2,0
DA:3,0
DA:4,0
DA:5,0
DA:6,0
DA:7,0
DA:87,0
DA:95,0
DA:103,0
DA:109,0
DA:116,0
DA:120,0
DA:127,0
DA:131,0
DA:139,0
DA:143,0
DA:148,0
DA:151,0
DA:152,0
DA:155,0
DA:158,0
DA:159,0
DA:160,0
DA:164,0
DA:166,0
DA:171,0
DA:174,0
DA:175,0
DA:178,0
DA:179,0
DA:182,0
DA:183,0
DA:186,0
DA:187,0
DA:190,0
DA:191,0
DA:195,0
DA:218,0
DA:223,0
DA:230,0
DA:232,0
DA:236,0
DA:242,0
DA:246,0
DA:255,0
DA:256,0
DA:257,0
DA:258,0
DA:264,0
DA:272,0
DA:274,0
DA:281,0
DA:283,0
DA:284,0
DA:292,0
DA:296,0
DA:302,0
DA:303,0
DA:304,0
DA:307,0
DA:309,0
DA:310,0
DA:316,0
DA:318,0
DA:324,0
DA:336,0
DA:337,0
DA:367,0
DA:372,0
DA:373,0
DA:375,0
DA:376,0
DA:377,0
DA:382,0
DA:383,0
DA:385,0
DA:392,0
DA:393,0
DA:394,0
DA:400,0
DA:403,0
DA:404,0
DA:407,0
DA:408,0
DA:409,0
DA:411,0
DA:412,0
DA:413,0
DA:414,0
DA:417,0
DA:423,0
DA:427,0
DA:432,0
DA:433,0
DA:436,0
DA:437,0
DA:439,0
DA:440,0
DA:443,0
DA:451,0
DA:452,0
DA:456,0
DA:467,0
DA:473,0
DA:474,0
DA:477,0
DA:480,0
DA:483,0
DA:491,0
DA:492,0
DA:493,0
DA:494,0
DA:495,0
DA:496,0
DA:499,0
DA:500,0
DA:501,0
DA:505,0
DA:506,0
DA:507,0
DA:510,0
DA:517,0
DA:518,0
DA:519,0
DA:523,0
DA:530,0
DA:531,0
DA:534,0
DA:539,0
DA:540,0
DA:542,0
DA:544,0
DA:545,0
DA:546,0
DA:550,0
DA:558,0
DA:559,0
DA:560,0
DA:561,0
DA:564,0
DA:570,0
DA:571,0
DA:574,0
DA:577,0
DA:578,0
LF:146
LH:0
BRDA:109,0,0,0
BRDA:110,1,0,0
BRDA:110,1,1,0
BRDA:110,1,2,0
BRDA:110,1,3,0
BRDA:110,1,4,0
BRDA:110,1,5,0
BRDA:120,2,0,0
BRDA:121,3,0,0
BRDA:121,3,1,0
BRDA:121,3,2,0
BRDA:121,3,3,0
BRDA:121,3,4,0
BRDA:121,3,5,0
BRDA:131,4,0,0
BRDA:132,5,0,0
BRDA:132,5,1,0
BRDA:132,5,2,0
BRDA:132,5,3,0
BRDA:132,5,4,0
BRDA:132,5,5,0
BRDA:132,5,6,0
BRDA:155,6,0,0
BRDA:158,7,0,0
BRDA:159,8,0,0
BRDA:160,9,0,0
BRDA:174,10,0,0
BRDA:174,11,0,0
BRDA:174,11,1,0
BRDA:178,12,0,0
BRDA:178,13,0,0
BRDA:178,13,1,0
BRDA:182,14,0,0
BRDA:182,15,0,0
BRDA:182,15,1,0
BRDA:186,16,0,0
BRDA:186,17,0,0
BRDA:186,17,1,0
BRDA:190,18,0,0
BRDA:197,19,0,0
BRDA:197,19,1,0
BRDA:199,20,0,0
BRDA:199,20,1,0
BRDA:201,21,0,0
BRDA:201,21,1,0
BRDA:203,22,0,0
BRDA:203,22,1,0
BRDA:204,23,0,0
BRDA:204,23,1,0
BRDA:205,24,0,0
BRDA:205,24,1,0
BRDA:206,25,0,0
BRDA:206,25,1,0
BRDA:207,26,0,0
BRDA:207,26,1,0
BRDA:208,27,0,0
BRDA:208,27,1,0
BRDA:209,28,0,0
BRDA:209,28,1,0
BRDA:210,29,0,0
BRDA:210,29,1,0
BRDA:211,30,0,0
BRDA:211,30,1,0
BRDA:212,31,0,0
BRDA:212,31,1,0
BRDA:212,32,0,0
BRDA:212,32,1,0
BRDA:213,33,0,0
BRDA:213,33,1,0
BRDA:214,34,0,0
BRDA:214,34,1,0
BRDA:215,35,0,0
BRDA:215,35,1,0
BRDA:216,36,0,0
BRDA:216,36,1,0
BRDA:218,37,0,0
BRDA:218,37,1,0
BRDA:219,38,0,0
BRDA:219,38,1,0
BRDA:219,39,0,0
BRDA:219,39,1,0
BRDA:225,40,0,0
BRDA:225,40,1,0
BRDA:226,41,0,0
BRDA:226,41,1,0
BRDA:246,42,0,0
BRDA:255,43,0,0
BRDA:256,44,0,0
BRDA:256,45,0,0
BRDA:256,45,1,0
BRDA:257,46,0,0
BRDA:258,47,0,0
BRDA:258,48,0,0
BRDA:258,48,1,0
BRDA:281,49,0,0
BRDA:281,50,0,0
BRDA:281,50,1,0
BRDA:287,51,0,0
BRDA:287,51,1,0
BRDA:302,52,0,0
BRDA:316,53,0,0
BRDA:336,54,0,0
BRDA:376,55,0,0
BRDA:393,56,0,0
BRDA:403,57,0,0
BRDA:403,57,1,0
BRDA:404,58,0,0
BRDA:404,58,1,0
BRDA:407,59,0,0
BRDA:413,60,0,0
BRDA:423,61,0,0
BRDA:423,61,1,0
BRDA:451,62,0,0
BRDA:494,63,0,0
BRDA:494,63,1,0
BRDA:500,64,0,0
BRDA:506,65,0,0
BRDA:517,66,0,0
BRDA:517,66,1,0
BRDA:518,67,0,0
BRDA:530,68,0,0
BRDA:530,68,1,0
BRDA:539,69,0,0
BRDA:540,70,0,0
BRDA:544,71,0,0
BRDA:551,72,0,0
BRDA:551,72,1,0
BRDA:554,73,0,0
BRDA:554,73,1,0
BRDA:559,74,0,0
BRDA:559,74,1,0
BRDA:560,75,0,0
BRDA:560,75,1,0
BRDA:561,76,0,0
BRDA:561,76,1,0
BRF:135
BRH:0
end_of_record
TN:
SF:app\api\health\route.ts
FN:4,GET
FN:32,HEAD
FN:42,OPTIONS
FNF:3
FNH:0
FNDA:0,GET
FNDA:0,HEAD
FNDA:0,OPTIONS
DA:2,0
DA:4,0
DA:5,0
DA:7,0
DA:32,0
DA:33,0
DA:42,0
DA:43,0
LF:8
LH:0
BRDA:12,0,0,0
BRDA:12,0,1,0
BRF:2
BRH:0
end_of_record
TN:
SF:app\api\performance\route.ts
FN:6,GET
FN:36,getDatabaseMetrics
FN:48,POST
FNF:3
FNH:0
FNDA:0,GET
FNDA:0,getDatabaseMetrics
FNDA:0,POST
DA:1,0
DA:2,0
DA:3,0
DA:4,0
DA:6,0
DA:7,0
DA:8,0
DA:9,0
DA:14,0
DA:17,0
DA:19,0
DA:28,0
DA:29,0
DA:39,0
DA:48,0
DA:49,0
DA:50,0
DA:51,0
DA:52,0
DA:55,0
DA:57,0
DA:59,0
DA:60,0
DA:66,0
DA:67,0
DA:73,0
DA:79,0
DA:80,0
LF:28
LH:0
BRDA:9,0,0,0
BRDA:51,1,0,0
BRDA:57,2,0,0
BRDA:57,2,1,0
BRDA:57,2,2,0
BRF:5
BRH:0
end_of_record
TN:
SF:app\api\stories\route.ts
FN:60,validateInput
FN:134,sanitizeString
FN:143,GET
FN:185,(anonymous_7)
FN:196,POST
FN:315,(anonymous_9)
FN:448,(anonymous_10)
FN:463,OPTIONS
FN:482,moderateContent
FNF:9
FNH:0
FNDA:0,validateInput
FNDA:0,sanitizeString
FNDA:0,GET
FNDA:0,(anonymous_7)
FNDA:0,POST
FNDA:0,(anonymous_9)
FNDA:0,(anonymous_10)
FNDA:0,OPTIONS
FNDA:0,moderateContent
DA:1,0
DA:2,0
DA:3,0
DA:15,0
DA:16,0
DA:17,0
DA:18,0
DA:19,0
DA:24,0
DA:61,0
DA:62,0
DA:64,0
DA:65,0
DA:68,0
DA:69,0
DA:70,0
DA:74,0
DA:75,0
DA:76,0
DA:80,0
DA:81,0
DA:82,0
DA:85,0
DA:86,0
DA:87,0
DA:90,0
DA:91,0
DA:92,0
DA:96,0
DA:97,0
DA:100,0
DA:101,0
DA:102,0
DA:105,0
DA:106,0
DA:107,0
DA:111,0
DA:112,0
DA:113,0
DA:117,0
DA:118,0
DA:120,0
DA:123,0
DA:127,0
DA:143,0
DA:144,0
DA:145,0
DA:147,0
DA:157,0
DA:158,0
DA:159,0
DA:162,0
DA:163,0
DA:175,0
DA:176,0
DA:177,0
DA:181,0
DA:185,0
DA:186,0
DA:189,0
DA:191,0
DA:192,0
DA:196,0
DA:197,0
DA:198,0
DA:200,0
DA:202,0
DA:204,0
DA:210,0
DA:211,0
DA:212,0
DA:215,0
DA:216,0
DA:220,0
DA:221,0
DA:222,0
DA:223,0
DA:232,0
DA:239,0
DA:240,0
DA:241,0
DA:246,0
DA:247,0
DA:249,0
DA:253,0
DA:254,0
DA:255,0
DA:261,0
DA:262,0
DA:265,0
DA:266,0
DA:267,0
DA:269,0
DA:275,0
DA:276,0
DA:277,0
DA:280,0
DA:282,0
DA:283,0
DA:295,0
DA:296,0
DA:297,0
DA:308,0
DA:309,0
DA:310,0
DA:312,0
DA:314,0
DA:315,0
DA:327,0
DA:328,0
DA:329,0
DA:330,0
DA:332,0
DA:335,0
DA:336,0
DA:342,0
DA:343,0
DA:344,0
DA:345,0
DA:349,0
DA:350,0
DA:351,0
DA:354,0
DA:355,0
DA:360,0
DA:361,0
DA:365,0
DA:366,0
DA:367,0
DA:368,0
DA:374,0
DA:377,0
DA:394,0
DA:395,0
DA:396,0
DA:400,0
DA:402,0
DA:412,0
DA:413,0
DA:418,0
DA:429,0
DA:430,0
DA:435,0
DA:448,0
DA:449,0
DA:452,0
DA:455,0
DA:456,0
DA:463,0
DA:464,0
DA:483,0
DA:490,0
DA:491,0
DA:492,0
DA:495,0
DA:496,0
DA:497,0
DA:498,0
DA:499,0
DA:502,0
DA:506,0
DA:507,0
DA:510,0
DA:511,0
DA:513,0
DA:519,0
DA:520,0
DA:521,0
DA:522,0
DA:523,0
DA:527,0
DA:528,0
DA:529,0
DA:530,0
DA:531,0
DA:532,0
DA:533,0
DA:538,0
DA:545,0
DA:546,0
DA:547,0
DA:548,0
DA:549,0
DA:550,0
DA:555,0
DA:557,0
DA:558,0
DA:559,0
DA:560,0
DA:561,0
DA:562,0
DA:566,0
DA:572,0
DA:573,0
DA:574,0
DA:575,0
DA:576,0
DA:577,0
DA:582,0
DA:583,0
DA:592,0
LF:201
LH:0
BRDA:68,0,0,0
BRDA:68,1,0,0
BRDA:68,1,1,0
BRDA:68,1,2,0
BRDA:68,1,3,0
BRDA:74,2,0,0
BRDA:74,3,0,0
BRDA:74,3,1,0
BRDA:74,3,2,0
BRDA:74,3,3,0
BRDA:75,4,0,0
BRDA:75,4,1,0
BRDA:80,5,0,0
BRDA:80,6,0,0
BRDA:80,6,1,0
BRDA:85,7,0,0
BRDA:85,8,0,0
BRDA:85,8,1,0
BRDA:90,9,0,0
BRDA:90,10,0,0
BRDA:90,10,1,0
BRDA:96,11,0,0
BRDA:96,11,1,0
BRDA:100,12,0,0
BRDA:100,13,0,0
BRDA:100,13,1,0
BRDA:105,14,0,0
BRDA:105,15,0,0
BRDA:105,15,1,0
BRDA:111,16,0,0
BRDA:111,17,0,0
BRDA:111,17,1,0
BRDA:117,18,0,0
BRDA:117,18,1,0
BRDA:145,19,0,0
BRDA:157,20,0,0
BRDA:175,21,0,0
BRDA:198,22,0,0
BRDA:210,23,0,0
BRDA:215,24,0,0
BRDA:222,25,0,0
BRDA:222,26,0,0
BRDA:222,26,1,0
BRDA:222,26,2,0
BRDA:239,27,0,0
BRDA:254,28,0,0
BRDA:275,29,0,0
BRDA:280,30,0,0
BRDA:280,30,1,0
BRDA:282,31,0,0
BRDA:282,32,0,0
BRDA:282,32,1,0
BRDA:282,32,2,0
BRDA:287,33,0,0
BRDA:287,33,1,0
BRDA:296,34,0,0
BRDA:330,35,0,0
BRDA:330,35,1,0
BRDA:332,36,0,0
BRDA:332,36,1,0
BRDA:343,37,0,0
BRDA:343,37,1,0
BRDA:344,38,0,0
BRDA:344,38,1,0
BRDA:345,39,0,0
BRDA:345,39,1,0
BRDA:350,40,0,0
BRDA:350,40,1,0
BRDA:350,41,0,0
BRDA:350,41,1,0
BRDA:351,42,0,0
BRDA:351,42,1,0
BRDA:354,43,0,0
BRDA:354,43,1,0
BRDA:361,44,0,0
BRDA:361,44,1,0
BRDA:366,45,0,0
BRDA:381,46,0,0
BRDA:381,46,1,0
BRDA:394,47,0,0
BRDA:406,48,0,0
BRDA:406,48,1,0
BRDA:408,49,0,0
BRDA:408,49,1,0
BRDA:412,50,0,0
BRDA:429,51,0,0
BRDA:442,52,0,0
BRDA:442,52,1,0
BRDA:497,53,0,0
BRDA:502,54,0,0
BRDA:502,54,1,0
BRDA:502,54,2,0
BRDA:502,54,3,0
BRDA:502,54,4,0
BRDA:502,54,5,0
BRDA:519,55,0,0
BRDA:529,56,0,0
BRDA:547,57,0,0
BRDA:557,58,0,0
BRDA:557,58,1,0
BRDA:559,59,0,0
BRDA:559,59,1,0
BRDA:561,60,0,0
BRDA:573,61,0,0
BRDA:582,62,0,0
BRF:105
BRH:0
end_of_record
TN:
SF:app\api\stories\[id]\chapters\route.ts
FN:13,POST
FN:33,(anonymous_8)
FN:86,(anonymous_9)
FN:97,(anonymous_10)
FN:107,(anonymous_11)
FN:114,(anonymous_12)
FN:271,OPTIONS
FN:284,moderateContent
FNF:8
FNH:0
FNDA:0,POST
FNDA:0,(anonymous_8)
FNDA:0,(anonymous_9)
FNDA:0,(anonymous_10)
FNDA:0,(anonymous_11)
FNDA:0,(anonymous_12)
FNDA:0,OPTIONS
FNDA:0,moderateContent
DA:1,0
DA:2,0
DA:4,0
DA:5,0
DA:6,0
DA:7,0
DA:9,0
DA:13,0
DA:18,0
DA:19,0
DA:20,0
DA:32,0
DA:33,0
DA:35,0
DA:36,0
DA:37,0
DA:43,0
DA:44,0
DA:47,0
DA:54,0
DA:55,0
DA:62,0
DA:68,0
DA:69,0
DA:78,0
DA:81,0
DA:84,0
DA:85,0
DA:86,0
DA:90,0
DA:91,0
DA:92,0
DA:94,0
DA:96,0
DA:99,0
DA:107,0
DA:114,0
DA:115,0
DA:128,0
DA:129,0
DA:131,0
DA:150,0
DA:151,0
DA:152,0
DA:153,0
DA:155,0
DA:158,0
DA:159,0
DA:165,0
DA:166,0
DA:167,0
DA:168,0
DA:171,0
DA:172,0
DA:173,0
DA:181,0
DA:184,0
DA:187,0
DA:204,0
DA:205,0
DA:212,0
DA:246,0
DA:263,0
DA:264,0
DA:271,0
DA:272,0
DA:286,0
DA:287,0
DA:289,0
DA:290,0
DA:291,0
DA:295,0
LF:72
LH:0
BRDA:19,0,0,0
BRDA:19,1,0,0
BRDA:19,1,1,0
BRDA:19,1,2,0
BRDA:36,2,0,0
BRDA:54,3,0,0
BRDA:68,4,0,0
BRDA:68,5,0,0
BRDA:68,5,1,0
BRDA:84,6,0,0
BRDA:84,6,1,0
BRDA:86,7,0,0
BRDA:86,7,1,0
BRDA:86,8,0,0
BRDA:86,8,1,0
BRDA:104,9,0,0
BRDA:104,9,1,0
BRDA:128,10,0,0
BRDA:128,10,1,0
BRDA:129,11,0,0
BRDA:129,11,1,0
BRDA:132,12,0,0
BRDA:132,12,1,0
BRDA:132,12,2,0
BRDA:133,13,0,0
BRDA:133,13,1,0
BRDA:134,14,0,0
BRDA:134,14,1,0
BRDA:135,15,0,0
BRDA:135,15,1,0
BRDA:135,16,0,0
BRDA:135,16,1,0
BRDA:137,17,0,0
BRDA:137,17,1,0
BRDA:153,18,0,0
BRDA:153,18,1,0
BRDA:155,19,0,0
BRDA:155,19,1,0
BRDA:166,20,0,0
BRDA:166,20,1,0
BRDA:167,21,0,0
BRDA:167,21,1,0
BRDA:168,22,0,0
BRDA:168,22,1,0
BRDA:171,23,0,0
BRDA:171,23,1,0
BRDA:172,24,0,0
BRDA:181,25,0,0
BRDA:181,25,1,0
BRDA:181,26,0,0
BRDA:181,26,1,0
BRDA:192,27,0,0
BRDA:192,27,1,0
BRDA:192,27,2,0
BRDA:193,28,0,0
BRDA:193,28,1,0
BRDA:194,29,0,0
BRDA:194,29,1,0
BRDA:199,30,0,0
BRDA:199,30,1,0
BRDA:204,31,0,0
BRDA:217,32,0,0
BRDA:217,32,1,0
BRDA:218,33,0,0
BRDA:218,33,1,0
BRDA:219,34,0,0
BRDA:219,34,1,0
BRDA:226,35,0,0
BRDA:226,35,1,0
BRDA:227,36,0,0
BRDA:227,36,1,0
BRDA:228,37,0,0
BRDA:228,37,1,0
BRDA:229,38,0,0
BRDA:229,38,1,0
BRDA:253,39,0,0
BRDA:253,39,1,0
BRDA:290,40,0,0
BRF:78
BRH:0
end_of_record
TN:
SF:app\api\stories\[id]\chapters\stream\route.ts
FN:7,POST
FN:12,(anonymous_2)
FN:59,(anonymous_3)
FN:60,(anonymous_4)
FN:61,(anonymous_5)
FN:71,(anonymous_6)
FNF:6
FNH:0
FNDA:0,POST
FNDA:0,(anonymous_2)
FNDA:0,(anonymous_3)
FNDA:0,(anonymous_4)
FNDA:0,(anonymous_5)
FNDA:0,(anonymous_6)
DA:1,0
DA:2,0
DA:4,0
DA:5,0
DA:7,0
DA:11,0
DA:12,0
DA:14,0
DA:15,0
DA:16,0
DA:19,0
DA:20,0
DA:22,0
DA:23,0
DA:27,0
DA:34,0
DA:35,0
DA:39,0
DA:45,0
DA:46,0
DA:50,0
DA:58,0
DA:59,0
DA:60,0
DA:61,0
DA:68,0
DA:70,0
DA:72,0
DA:74,0
DA:79,0
DA:86,0
DA:87,0
DA:88,0
DA:92,0
DA:95,0
DA:103,0
DA:106,0
DA:107,0
DA:109,0
DA:118,0
DA:131,0
DA:132,0
DA:133,0
DA:137,0
DA:141,0
DA:142,0
DA:151,0
DA:157,0
DA:161,0
DA:163,0
DA:164,0
DA:168,0
DA:173,0
DA:182,0
DA:183,0
LF:55
LH:0
BRDA:15,0,0,0
BRDA:22,1,0,0
BRDA:34,2,0,0
BRDA:45,3,0,0
BRDA:45,4,0,0
BRDA:45,4,1,0
BRDA:58,5,0,0
BRDA:58,5,1,0
BRDA:64,6,0,0
BRDA:64,6,1,0
BRDA:83,7,0,0
BRDA:83,7,1,0
BRDA:87,8,0,0
BRDA:103,9,0,0
BRDA:123,10,0,0
BRDA:123,10,1,0
BRDA:124,11,0,0
BRDA:124,11,1,0
BRDA:125,12,0,0
BRDA:125,12,1,0
BRDA:126,13,0,0
BRDA:126,13,1,0
BRDA:131,14,0,0
BRDA:141,15,0,0
BRDA:141,15,1,0
BRDA:146,16,0,0
BRDA:146,16,1,0
BRDA:147,17,0,0
BRDA:147,17,1,0
BRDA:147,18,0,0
BRDA:147,18,1,0
BRDA:166,19,0,0
BRDA:166,19,1,0
BRF:33
BRH:0
end_of_record
TN:
SF:app\api\stories\[id]\choices\route.ts
FN:12,GET
FN:18,(anonymous_4)
FN:79,(anonymous_5)
FN:121,POST
FN:127,(anonymous_7)
FN:148,(anonymous_8)
FNF:6
FNH:0
FNDA:0,GET
FNDA:0,(anonymous_4)
FNDA:0,(anonymous_5)
FNDA:0,POST
FNDA:0,(anonymous_7)
FNDA:0,(anonymous_8)
DA:1,0
DA:2,0
DA:3,0
DA:4,0
DA:12,0
DA:16,0
DA:17,0
DA:18,0
DA:20,0
DA:21,0
DA:22,0
DA:25,0
DA:26,0
DA:27,0
DA:30,0
DA:36,0
DA:37,0
DA:42,0
DA:44,0
DA:45,0
DA:49,0
DA:59,0
DA:73,0
DA:79,0
DA:80,0
DA:85,0
DA:91,0
DA:112,0
DA:113,0
DA:121,0
DA:125,0
DA:126,0
DA:127,0
DA:129,0
DA:130,0
DA:131,0
DA:134,0
DA:135,0
DA:137,0
DA:138,0
DA:142,0
DA:148,0
DA:149,0
DA:153,0
DA:154,0
DA:161,0
DA:167,0
DA:168,0
DA:172,0
DA:182,0
DA:190,0
DA:191,0
DA:193,0
DA:203,0
DA:216,0
DA:226,0
DA:227,0
DA:233,0
DA:234,0
DA:238,0
DA:247,0
DA:252,0
DA:262,0
DA:263,0
LF:64
LH:0
BRDA:21,0,0,0
BRDA:27,1,0,0
BRDA:27,1,1,0
BRDA:36,2,0,0
BRDA:42,3,0,0
BRDA:42,3,1,0
BRDA:44,4,0,0
BRDA:80,5,0,0
BRDA:80,5,1,0
BRDA:92,6,0,0
BRDA:92,6,1,0
BRDA:94,7,0,0
BRDA:94,7,1,0
BRDA:98,8,0,0
BRDA:98,8,1,0
BRDA:107,9,0,0
BRDA:107,9,1,0
BRDA:130,10,0,0
BRDA:137,11,0,0
BRDA:149,12,0,0
BRDA:149,12,1,0
BRDA:153,13,0,0
BRDA:167,14,0,0
BRDA:187,15,0,0
BRDA:187,15,1,0
BRDA:190,16,0,0
BRDA:190,16,1,0
BRDA:191,17,0,0
BRDA:191,17,1,0
BRDA:208,18,0,0
BRDA:208,18,1,0
BRDA:222,19,0,0
BRDA:222,19,1,0
BRDA:233,20,0,0
BRDA:233,20,1,0
BRDA:256,21,0,0
BRDA:256,21,1,0
BRDA:257,22,0,0
BRDA:257,22,1,0
BRDA:258,23,0,0
BRDA:258,23,1,0
BRF:41
BRH:0
end_of_record
TN:
SF:app\api\stories\[id]\cover\route.ts
FN:44,POST
FN:186,GET
FN:236,generateCoverPrompt
FN:244,processGenerationQueue
FN:246,(anonymous_7)
FN:249,(anonymous_8)
FN:332,(anonymous_9)
FNF:7
FNH:0
FNDA:0,POST
FNDA:0,GET
FNDA:0,generateCoverPrompt
FNDA:0,processGenerationQueue
FNDA:0,(anonymous_7)
FNDA:0,(anonymous_8)
FNDA:0,(anonymous_9)
DA:1,0
DA:2,0
DA:3,0
DA:5,0
DA:6,0
DA:8,0
DA:10,0
DA:38,0
DA:44,0
DA:48,0
DA:49,0
DA:50,0
DA:51,0
DA:53,0
DA:54,0
DA:57,0
DA:63,0
DA:69,0
DA:70,0
DA:74,0
DA:75,0
DA:82,0
DA:83,0
DA:87,0
DA:88,0
DA:91,0
DA:92,0
DA:100,0
DA:101,0
DA:109,0
DA:110,0
DA:111,0
DA:113,0
DA:119,0
DA:120,0
DA:128,0
DA:131,0
DA:145,0
DA:146,0
DA:147,0
DA:151,0
DA:152,0
DA:158,0
DA:169,0
DA:171,0
DA:181,0
DA:182,0
DA:186,0
DA:190,0
DA:191,0
DA:192,0
DA:193,0
DA:195,0
DA:198,0
DA:205,0
DA:214,0
DA:220,0
DA:221,0
DA:223,0
DA:231,0
DA:232,0
DA:237,0
DA:240,0
DA:241,0
DA:247,0
DA:248,0
DA:249,0
DA:253,0
DA:259,0
DA:262,0
DA:268,0
DA:270,0
DA:285,0
DA:286,0
DA:289,0
DA:290,0
DA:293,0
DA:294,0
DA:296,0
DA:302,0
DA:303,0
DA:306,0
DA:311,0
DA:322,0
DA:328,0
DA:331,0
DA:332,0
DA:335,0
LF:88
LH:0
BRDA:8,0,0,0
BRDA:8,0,1,0
BRDA:50,1,0,0
BRDA:53,2,0,0
BRDA:53,3,0,0
BRDA:69,4,0,0
BRDA:74,5,0,0
BRDA:82,6,0,0
BRDA:87,7,0,0
BRDA:87,7,1,0
BRDA:91,8,0,0
BRDA:100,9,0,0
BRDA:104,10,0,0
BRDA:104,10,1,0
BRDA:119,11,0,0
BRDA:119,12,0,0
BRDA:119,12,1,0
BRDA:139,13,0,0
BRDA:139,13,1,0
BRDA:140,14,0,0
BRDA:140,14,1,0
BRDA:145,15,0,0
BRDA:151,16,0,0
BRDA:151,16,1,0
BRDA:192,17,0,0
BRDA:220,18,0,0
BRDA:220,18,1,0
BRDA:224,19,0,0
BRDA:224,19,1,0
BRDA:225,20,0,0
BRDA:225,20,1,0
BRDA:227,21,0,0
BRDA:227,21,1,0
BRDA:237,22,0,0
BRDA:237,22,1,0
BRDA:240,23,0,0
BRDA:240,23,1,0
BRDA:259,24,0,0
BRDA:268,25,0,0
BRDA:268,25,1,0
BRDA:285,26,0,0
BRDA:302,27,0,0
BRDA:339,28,0,0
BRDA:339,28,1,0
BRF:44
BRH:0
end_of_record
TN:
SF:app\api\stories\[id]\export\route.ts
FN:30,POST
FN:36,(anonymous_4)
FN:212,GET
FN:218,(anonymous_6)
FNF:4
FNH:0
FNDA:0,POST
FNDA:0,(anonymous_4)
FNDA:0,GET
FNDA:0,(anonymous_6)
DA:2,0
DA:6,0
DA:7,0
DA:8,0
DA:11,0
DA:30,0
DA:34,0
DA:35,0
DA:36,0
DA:38,0
DA:39,0
DA:40,0
DA:43,0
DA:44,0
DA:47,0
DA:53,0
DA:54,0
DA:57,0
DA:58,0
DA:61,0
DA:62,0
DA:72,0
DA:73,0
DA:82,0
DA:83,0
DA:84,0
DA:86,0
DA:93,0
DA:95,0
DA:96,0
DA:106,0
DA:115,0
DA:116,0
DA:120,0
DA:127,0
DA:128,0
DA:135,0
DA:137,0
DA:142,0
DA:143,0
DA:144,0
DA:148,0
DA:159,0
DA:170,0
DA:173,0
DA:187,0
DA:188,0
DA:189,0
DA:192,0
DA:207,0
DA:208,0
DA:212,0
DA:216,0
DA:217,0
DA:218,0
DA:220,0
DA:221,0
DA:222,0
DA:226,0
DA:232,0
DA:233,0
DA:236,0
DA:237,0
DA:238,0
DA:240,0
DA:247,0
DA:259,0
DA:260,0
LF:68
LH:0
BRDA:39,0,0,0
BRDA:43,1,0,0
BRDA:53,2,0,0
BRDA:61,3,0,0
BRDA:72,4,0,0
BRDA:93,5,0,0
BRDA:93,5,1,0
BRDA:95,6,0,0
BRDA:95,7,0,0
BRDA:95,7,1,0
BRDA:115,8,0,0
BRDA:127,9,0,0
BRDA:127,10,0,0
BRDA:127,10,1,0
BRDA:142,11,0,0
BRDA:187,12,0,0
BRDA:198,13,0,0
BRDA:198,13,1,0
BRDA:221,14,0,0
BRDA:232,15,0,0
BRDA:232,15,1,0
BRDA:251,16,0,0
BRDA:251,16,1,0
BRDA:252,17,0,0
BRDA:252,17,1,0
BRDA:253,18,0,0
BRDA:253,18,1,0
BRF:27
BRH:0
end_of_record
TN:
SF:app\api\stories\[id]\generate-choice-chapter\route.ts
FN:13,POST
FN:19,(anonymous_2)
FNF:2
FNH:0
FNDA:0,POST
FNDA:0,(anonymous_2)
DA:1,0
DA:2,0
DA:3,0
DA:4,0
DA:5,0
DA:13,0
DA:17,0
DA:18,0
DA:19,0
DA:21,0
DA:22,0
DA:23,0
DA:26,0
DA:32,0
DA:35,0
DA:41,0
DA:42,0
DA:46,0
DA:47,0
DA:48,0
DA:50,0
DA:51,0
DA:59,0
DA:68,0
DA:69,0
DA:73,0
DA:74,0
DA:78,0
DA:87,0
DA:90,0
DA:102,0
DA:113,0
DA:114,0
DA:117,0
DA:126,0
DA:147,0
DA:148,0
DA:149,0
DA:153,0
DA:154,0
DA:155,0
DA:174,0
DA:175,0
DA:180,0
DA:189,0
DA:190,0
DA:196,0
DA:205,0
DA:219,0
DA:220,0
LF:50
LH:0
BRDA:22,0,0,0
BRDA:30,1,0,0
BRDA:31,2,0,0
BRDA:41,3,0,0
BRDA:50,4,0,0
BRDA:68,5,0,0
BRDA:73,6,0,0
BRDA:87,7,0,0
BRDA:87,7,1,0
BRDA:92,8,0,0
BRDA:92,8,1,0
BRDA:93,9,0,0
BRDA:93,9,1,0
BRDA:94,10,0,0
BRDA:94,10,1,0
BRDA:96,11,0,0
BRDA:96,11,1,0
BRDA:121,12,0,0
BRDA:121,12,1,0
BRDA:134,13,0,0
BRDA:134,13,1,0
BRDA:135,14,0,0
BRDA:135,14,1,0
BRDA:137,15,0,0
BRDA:137,15,1,0
BRDA:147,16,0,0
BRDA:158,17,0,0
BRDA:158,17,1,0
BRDA:174,18,0,0
BRDA:189,19,0,0
BRDA:199,20,0,0
BRDA:199,20,1,0
BRDA:200,21,0,0
BRDA:200,21,1,0
BRDA:200,22,0,0
BRDA:200,22,1,0
BRDA:222,23,0,0
BRDA:222,23,1,0
BRF:38
BRH:0
end_of_record
TN:
SF:app\api\stories\[id]\read\route.ts
FN:7,POST
FN:13,(anonymous_2)
FN:45,(anonymous_3)
FN:48,(anonymous_4)
FN:71,(anonymous_5)
FNF:5
FNH:0
FNDA:0,POST
FNDA:0,(anonymous_2)
FNDA:0,(anonymous_3)
FNDA:0,(anonymous_4)
FNDA:0,(anonymous_5)
DA:1,0
DA:2,0
DA:3,0
DA:4,0
DA:7,0
DA:11,0
DA:12,0
DA:13,0
DA:15,0
DA:16,0
DA:17,0
DA:20,0
DA:21,0
DA:24,0
DA:33,0
DA:34,0
DA:38,0
DA:44,0
DA:45,0
DA:48,0
DA:50,0
DA:51,0
DA:58,0
DA:59,0
DA:60,0
DA:62,0
DA:63,0
DA:65,0
DA:71,0
DA:72,0
DA:73,0
DA:74,0
DA:75,0
DA:77,0
DA:81,0
DA:82,0
DA:85,0
DA:92,0
DA:94,0
DA:98,0
DA:104,0
DA:105,0
DA:113,0
DA:124,0
DA:125,0
DA:126,0
DA:129,0
DA:141,0
DA:142,0
LF:49
LH:0
BRDA:16,0,0,0
BRDA:20,1,0,0
BRDA:33,2,0,0
BRDA:45,3,0,0
BRDA:45,3,1,0
BRDA:50,4,0,0
BRDA:62,5,0,0
BRDA:62,5,1,0
BRDA:63,6,0,0
BRDA:63,6,1,0
BRDA:71,7,0,0
BRDA:71,7,1,0
BRDA:72,8,0,0
BRDA:72,8,1,0
BRDA:73,9,0,0
BRDA:73,9,1,0
BRDA:74,10,0,0
BRDA:74,10,1,0
BRDA:77,11,0,0
BRDA:77,11,1,0
BRDA:92,12,0,0
BRDA:92,13,0,0
BRDA:92,13,1,0
BRDA:104,14,0,0
BRDA:104,15,0,0
BRDA:104,15,1,0
BRDA:108,16,0,0
BRDA:108,16,1,0
BRDA:124,17,0,0
BRDA:135,18,0,0
BRDA:135,18,1,0
BRF:31
BRH:0
end_of_record
TN:
SF:app\api\stories\choice-books\route.ts
FN:15,POST
FN:133,(anonymous_7)
FN:230,(anonymous_8)
FN:278,GET
FN:281,(anonymous_10)
FN:299,(anonymous_11)
FNF:6
FNH:0
FNDA:0,POST
FNDA:0,(anonymous_7)
FNDA:0,(anonymous_8)
FNDA:0,GET
FNDA:0,(anonymous_10)
FNDA:0,(anonymous_11)
DA:1,0
DA:2,0
DA:3,0
DA:6,0
DA:7,0
DA:8,0
DA:15,0
DA:16,0
DA:17,0
DA:18,0
DA:19,0
DA:28,0
DA:30,0
DA:31,0
DA:37,0
DA:43,0
DA:44,0
DA:48,0
DA:53,0
DA:55,0
DA:56,0
DA:64,0
DA:133,0
DA:134,0
DA:143,0
DA:144,0
DA:146,0
DA:152,0
DA:171,0
DA:172,0
DA:173,0
DA:177,0
DA:190,0
DA:204,0
DA:216,0
DA:225,0
DA:226,0
DA:230,0
DA:231,0
DA:249,0
DA:266,0
DA:267,0
DA:278,0
DA:279,0
DA:280,0
DA:281,0
DA:283,0
DA:284,0
DA:285,0
DA:289,0
DA:299,0
DA:307,0
DA:313,0
DA:314,0
LF:54
LH:0
BRDA:18,0,0,0
BRDA:25,1,0,0
BRDA:26,2,0,0
BRDA:27,3,0,0
BRDA:30,4,0,0
BRDA:30,5,0,0
BRDA:30,5,1,0
BRDA:30,5,2,0
BRDA:43,6,0,0
BRDA:53,7,0,0
BRDA:53,7,1,0
BRDA:55,8,0,0
BRDA:171,9,0,0
BRDA:193,10,0,0
BRDA:193,10,1,0
BRDA:225,11,0,0
BRDA:238,12,0,0
BRDA:238,12,1,0
BRDA:269,13,0,0
BRDA:269,13,1,0
BRDA:284,14,0,0
BRDA:299,15,0,0
BRDA:299,15,1,0
BRDA:303,16,0,0
BRDA:303,16,1,0
BRDA:304,17,0,0
BRDA:304,17,1,0
BRF:27
BRH:0
end_of_record
TN:
SF:app\api\stories\stream\route.ts
FN:7,POST
FN:9,(anonymous_2)
FN:39,(anonymous_3)
FNF:3
FNH:0
FNDA:0,POST
FNDA:0,(anonymous_2)
FNDA:0,(anonymous_3)
DA:1,0
DA:2,0
DA:4,0
DA:5,0
DA:7,0
DA:8,0
DA:9,0
DA:11,0
DA:12,0
DA:13,0
DA:16,0
DA:17,0
DA:20,0
DA:21,0
DA:25,0
DA:31,0
DA:32,0
DA:36,0
DA:38,0
DA:40,0
DA:42,0
DA:44,0
DA:50,0
DA:51,0
DA:52,0
DA:56,0
DA:59,0
DA:67,0
DA:69,0
DA:70,0
DA:78,0
DA:83,0
DA:87,0
DA:89,0
DA:90,0
DA:94,0
DA:99,0
DA:108,0
DA:109,0
LF:39
LH:0
BRDA:12,0,0,0
BRDA:20,1,0,0
BRDA:20,2,0,0
BRDA:20,2,1,0
BRDA:31,3,0,0
BRDA:31,4,0,0
BRDA:31,4,1,0
BRDA:51,5,0,0
BRDA:67,6,0,0
BRDA:69,7,0,0
BRDA:69,7,1,0
BRDA:74,8,0,0
BRDA:74,8,1,0
BRDA:92,9,0,0
BRDA:92,9,1,0
BRF:15
BRH:0
end_of_record
TN:
SF:app\api\webhooks\stripe\route.ts
FN:23,POST
FN:94,handlePaymentSuccess
FN:157,handleStoryPurchase
FN:232,handleCreditPurchase
FN:296,transferToCreator
FN:361,recordAutomatedTransfer
FN:425,recordManualPayoutRequired
FN:469,handlePaymentFailure
FN:495,handleTransferCreated
FN:519,handleTransferPaid
FN:560,handleTransferFailed
FN:588,handleAccountUpdated
FN:638,processQueuedPayouts
FNF:13
FNH:0
FNDA:0,POST
FNDA:0,handlePaymentSuccess
FNDA:0,handleStoryPurchase
FNDA:0,handleCreditPurchase
FNDA:0,transferToCreator
FNDA:0,recordAutomatedTransfer
FNDA:0,recordManualPayoutRequired
FNDA:0,handlePaymentFailure
FNDA:0,handleTransferCreated
FNDA:0,handleTransferPaid
FNDA:0,handleTransferFailed
FNDA:0,handleAccountUpdated
FNDA:0,processQueuedPayouts
DA:1,0
DA:2,0
DA:3,0
DA:6,0
DA:11,0
DA:12,0
DA:14,0
DA:15,0
DA:16,0
DA:19,0
DA:23,0
DA:24,0
DA:26,0
DA:27,0
DA:28,0
DA:31,0
DA:32,0
DA:36,0
DA:37,0
DA:43,0
DA:44,0
DA:47,0
DA:49,0
DA:50,0
DA:51,0
DA:55,0
DA:56,0
DA:57,0
DA:62,0
DA:63,0
DA:64,0
DA:68,0
DA:71,0
DA:72,0
DA:77,0
DA:78,0
DA:79,0
DA:83,0
DA:86,0
DA:89,0
DA:90,0
DA:95,0
DA:96,0
DA:97,0
DA:98,0
DA:110,0
DA:113,0
DA:118,0
DA:123,0
DA:124,0
DA:125,0
DA:129,0
DA:131,0
DA:139,0
DA:141,0
DA:149,0
DA:152,0
DA:172,0
DA:174,0
DA:175,0
DA:178,0
DA:179,0
DA:181,0
DA:183,0
DA:185,0
DA:191,0
DA:192,0
DA:193,0
DA:194,0
DA:198,0
DA:210,0
DA:211,0
DA:215,0
DA:225,0
DA:227,0
DA:243,0
DA:246,0
DA:252,0
DA:253,0
DA:254,0
DA:257,0
DA:258,0
DA:259,0
DA:260,0
DA:263,0
DA:271,0
DA:272,0
DA:273,0
DA:277,0
DA:289,0
DA:290,0
DA:291,0
DA:311,0
DA:313,0
DA:315,0
DA:316,0
DA:317,0
DA:318,0
DA:322,0
DA:335,0
DA:338,0
DA:348,0
DA:351,0
DA:354,0
DA:355,0
DA:376,0
DA:378,0
DA:380,0
DA:391,0
DA:392,0
DA:396,0
DA:402,0
DA:403,0
DA:404,0
DA:408,0
DA:417,0
DA:420,0
DA:431,0
DA:433,0
DA:435,0
DA:447,0
DA:453,0
DA:454,0
DA:456,0
DA:462,0
DA:465,0
DA:470,0
DA:471,0
DA:472,0
DA:473,0
DA:476,0
DA:485,0
DA:486,0
DA:490,0
DA:496,0
DA:498,0
DA:499,0
DA:501,0
DA:502,0
DA:511,0
DA:514,0
DA:520,0
DA:522,0
DA:523,0
DA:525,0
DA:527,0
DA:537,0
DA:543,0
DA:544,0
DA:546,0
DA:552,0
DA:555,0
DA:561,0
DA:563,0
DA:564,0
DA:566,0
DA:568,0
DA:578,0
DA:580,0
DA:583,0
DA:589,0
DA:591,0
DA:593,0
DA:599,0
DA:600,0
DA:601,0
DA:605,0
DA:612,0
DA:621,0
DA:622,0
DA:624,0
DA:628,0
DA:629,0
DA:633,0
DA:639,0
DA:641,0
DA:647,0
DA:648,0
DA:651,0
DA:654,0
DA:655,0
DA:656,0
DA:657,0
DA:659,0
DA:669,0
DA:675,0
DA:679,0
LF:187
LH:0
BRDA:14,0,0,0
BRDA:14,1,0,0
BRDA:14,1,1,0
BRDA:19,2,0,0
BRDA:19,2,1,0
BRDA:19,3,0,0
BRDA:19,3,1,0
BRDA:26,4,0,0
BRDA:47,5,0,0
BRDA:47,5,1,0
BRDA:47,5,2,0
BRDA:47,5,3,0
BRDA:47,5,4,0
BRDA:47,5,5,0
BRDA:96,6,0,0
BRDA:123,7,0,0
BRDA:129,8,0,0
BRDA:129,8,1,0
BRDA:129,9,0,0
BRDA:129,9,1,0
BRDA:129,9,2,0
BRDA:137,10,0,0
BRDA:137,10,1,0
BRDA:139,11,0,0
BRDA:139,12,0,0
BRDA:139,12,1,0
BRDA:145,13,0,0
BRDA:145,13,1,0
BRDA:172,14,0,0
BRDA:191,15,0,0
BRDA:191,16,0,0
BRDA:191,16,1,0
BRDA:210,17,0,0
BRDA:243,18,0,0
BRDA:252,19,0,0
BRDA:258,20,0,0
BRDA:258,20,1,0
BRDA:259,21,0,0
BRDA:259,21,1,0
BRDA:271,22,0,0
BRDA:289,23,0,0
BRDA:315,24,0,0
BRDA:315,25,0,0
BRDA:315,25,1,0
BRDA:354,26,0,0
BRDA:376,27,0,0
BRDA:391,28,0,0
BRDA:402,29,0,0
BRDA:403,30,0,0
BRDA:403,30,1,0
BRDA:404,31,0,0
BRDA:404,31,1,0
BRDA:405,32,0,0
BRDA:405,32,1,0
BRDA:406,33,0,0
BRDA:406,33,1,0
BRDA:431,34,0,0
BRDA:453,35,0,0
BRDA:454,36,0,0
BRDA:454,36,1,0
BRDA:471,37,0,0
BRDA:480,38,0,0
BRDA:480,38,1,0
BRDA:485,39,0,0
BRDA:496,40,0,0
BRDA:501,41,0,0
BRDA:501,42,0,0
BRDA:501,42,1,0
BRDA:501,42,2,0
BRDA:520,43,0,0
BRDA:525,44,0,0
BRDA:525,45,0,0
BRDA:525,45,1,0
BRDA:525,45,2,0
BRDA:543,46,0,0
BRDA:544,47,0,0
BRDA:544,47,1,0
BRDA:561,48,0,0
BRDA:566,49,0,0
BRDA:566,50,0,0
BRDA:566,50,1,0
BRDA:566,50,2,0
BRDA:589,51,0,0
BRDA:599,52,0,0
BRDA:605,53,0,0
BRDA:605,53,1,0
BRDA:605,54,0,0
BRDA:605,54,1,0
BRDA:607,55,0,0
BRDA:607,55,1,0
BRDA:621,56,0,0
BRDA:621,56,1,0
BRDA:628,57,0,0
BRDA:628,58,0,0
BRDA:628,58,1,0
BRDA:647,59,0,0
BRDA:647,60,0,0
BRDA:647,60,1,0
BRF:98
BRH:0
end_of_record
TN:
SF:app\auth\signin\page.tsx
FN:7,SignInPage
FN:15,(anonymous_2)
FN:40,(anonymous_3)
FN:76,(anonymous_4)
FN:92,(anonymous_5)
FNF:5
FNH:0
FNDA:0,SignInPage
FNDA:0,(anonymous_2)
FNDA:0,(anonymous_3)
FNDA:0,(anonymous_4)
FNDA:0,(anonymous_5)
DA:3,0
DA:4,0
DA:5,0
DA:7,0
DA:8,0
DA:9,0
DA:10,0
DA:11,0
DA:12,0
DA:13,0
DA:15,0
DA:16,0
DA:17,0
DA:18,0
DA:20,0
DA:21,0
DA:26,0
DA:27,0
DA:28,0
DA:32,0
DA:34,0
DA:36,0
DA:40,0
DA:41,0
DA:76,0
DA:92,0
LF:26
LH:0
BRDA:26,0,0,0
BRDA:57,1,0,0
BRDA:103,2,0,0
BRDA:103,2,1,0
BRF:4
BRH:0
end_of_record
TN:
SF:app\auth\signup\page.tsx
FN:7,SignUpPage
FN:18,(anonymous_2)
FN:60,(anonymous_3)
FN:102,(anonymous_4)
FN:118,(anonymous_5)
FN:134,(anonymous_6)
FN:150,(anonymous_7)
FNF:7
FNH:0
FNDA:0,SignUpPage
FNDA:0,(anonymous_2)
FNDA:0,(anonymous_3)
FNDA:0,(anonymous_4)
FNDA:0,(anonymous_5)
FNDA:0,(anonymous_6)
FNDA:0,(anonymous_7)
DA:3,0
DA:4,0
DA:5,0
DA:7,0
DA:8,0
DA:9,0
DA:10,0
DA:11,0
DA:12,0
DA:13,0
DA:14,0
DA:15,0
DA:16,0
DA:18,0
DA:19,0
DA:20,0
DA:21,0
DA:22,0
DA:24,0
DA:25,0
DA:26,0
DA:27,0
DA:30,0
DA:31,0
DA:32,0
DA:33,0
DA:36,0
DA:37,0
DA:47,0
DA:48,0
DA:49,0
DA:52,0
DA:54,0
DA:56,0
DA:60,0
DA:61,0
DA:102,0
DA:118,0
DA:134,0
DA:150,0
LF:40
LH:0
BRDA:24,0,0,0
BRDA:30,1,0,0
BRDA:47,2,0,0
BRDA:77,3,0,0
BRDA:83,4,0,0
BRDA:161,5,0,0
BRDA:161,5,1,0
BRF:7
BRH:0
end_of_record
TN:
SF:app\dashboard\page.tsx
FN:89,DashboardOverview
FN:214,UnifiedDashboard
FN:290,(anonymous_7)
FN:321,(anonymous_8)
FN:329,(anonymous_9)
FN:370,(anonymous_10)
FN:374,(anonymous_11)
FN:435,(anonymous_12)
FN:455,(anonymous_13)
FN:488,(anonymous_14)
FN:513,(anonymous_15)
FN:541,(anonymous_16)
FN:544,(anonymous_17)
FN:582,(anonymous_18)
FNF:14
FNH:0
FNDA:0,DashboardOverview
FNDA:0,UnifiedDashboard
FNDA:0,(anonymous_7)
FNDA:0,(anonymous_8)
FNDA:0,(anonymous_9)
FNDA:0,(anonymous_10)
FNDA:0,(anonymous_11)
FNDA:0,(anonymous_12)
FNDA:0,(anonymous_13)
FNDA:0,(anonymous_14)
FNDA:0,(anonymous_15)
FNDA:0,(anonymous_16)
FNDA:0,(anonymous_17)
FNDA:0,(anonymous_18)
DA:3,0
DA:4,0
DA:5,0
DA:8,0
DA:9,0
DA:10,0
DA:11,0
DA:14,0
DA:15,0
DA:18,0
DA:19,0
DA:20,0
DA:23,0
DA:24,0
DA:25,0
DA:26,0
DA:27,0
DA:49,0
DA:214,0
DA:215,0
DA:216,0
DA:217,0
DA:218,0
DA:219,0
DA:220,0
DA:221,0
DA:222,0
DA:225,0
DA:290,0
DA:291,0
DA:292,0
DA:295,0
DA:296,0
DA:297,0
DA:298,0
DA:299,0
DA:300,0
DA:301,0
DA:306,0
DA:308,0
DA:311,0
DA:312,0
DA:313,0
DA:314,0
DA:315,0
DA:318,0
DA:319,0
DA:320,0
DA:321,0
DA:323,0
DA:324,0
DA:329,0
DA:330,0
DA:332,0
DA:333,0
DA:334,0
DA:337,0
DA:348,0
DA:349,0
DA:350,0
DA:367,0
DA:370,0
DA:371,0
DA:374,0
DA:375,0
DA:377,0
DA:455,0
DA:456,0
DA:457,0
DA:458,0
DA:461,0
DA:475,0
DA:489,0
DA:490,0
DA:491,0
DA:513,0
DA:542,0
DA:545,0
DA:546,0
DA:582,0
LF:80
LH:0
BRDA:95,0,0,0
BRDA:95,0,1,0
BRDA:107,1,0,0
BRDA:107,1,1,0
BRDA:113,2,0,0
BRDA:113,2,1,0
BRDA:117,3,0,0
BRDA:144,4,0,0
BRDA:144,4,1,0
BRDA:145,5,0,0
BRDA:145,5,1,0
BRDA:150,6,0,0
BRDA:165,7,0,0
BRDA:296,8,0,0
BRDA:298,9,0,0
BRDA:311,10,0,0
BRDA:311,10,1,0
BRDA:311,10,2,0
BRDA:312,11,0,0
BRDA:312,12,0,0
BRDA:312,12,1,0
BRDA:318,13,0,0
BRDA:318,13,1,0
BRDA:332,14,0,0
BRDA:348,15,0,0
BRDA:348,16,0,0
BRDA:348,16,1,0
BRDA:356,17,0,0
BRDA:356,17,1,0
BRDA:357,18,0,0
BRDA:357,18,1,0
BRDA:358,19,0,0
BRDA:358,19,1,0
BRDA:375,20,0,0
BRDA:377,21,0,0
BRDA:421,22,0,0
BRDA:456,23,0,0
BRDA:456,24,0,0
BRDA:456,24,1,0
BRDA:457,25,0,0
BRDA:457,26,0,0
BRDA:457,26,1,0
BRDA:461,27,0,0
BRDA:467,28,0,0
BRDA:475,29,0,0
BRDA:516,30,0,0
BRDA:526,31,0,0
BRDA:526,31,1,0
BRDA:530,32,0,0
BRDA:550,33,0,0
BRDA:550,33,1,0
BRDA:579,34,0,0
BRF:52
BRH:0
end_of_record
TN:
SF:app\test-fix-verification\page.tsx
FN:23,FixVerificationTest
FN:33,(anonymous_5)
FN:37,(anonymous_6)
FN:49,(anonymous_7)
FN:62,(anonymous_8)
FN:84,(anonymous_9)
FN:92,(anonymous_10)
FN:126,(anonymous_11)
FN:134,(anonymous_12)
FN:147,(anonymous_13)
FN:160,(anonymous_14)
FN:172,(anonymous_15)
FN:179,(anonymous_16)
FN:196,(anonymous_17)
FN:199,(anonymous_18)
FN:219,(anonymous_20)
FNF:16
FNH:0
FNDA:0,FixVerificationTest
FNDA:0,(anonymous_5)
FNDA:0,(anonymous_6)
FNDA:0,(anonymous_7)
FNDA:0,(anonymous_8)
FNDA:0,(anonymous_9)
FNDA:0,(anonymous_10)
FNDA:0,(anonymous_11)
FNDA:0,(anonymous_12)
FNDA:0,(anonymous_13)
FNDA:0,(anonymous_14)
FNDA:0,(anonymous_15)
FNDA:0,(anonymous_16)
FNDA:0,(anonymous_17)
FNDA:0,(anonymous_18)
FNDA:0,(anonymous_20)
DA:3,0
DA:4,0
DA:5,0
DA:6,0
DA:8,0
DA:18,0
DA:23,0
DA:24,0
DA:25,0
DA:26,0
DA:27,0
DA:28,0
DA:30,0
DA:33,0
DA:34,0
DA:37,0
DA:38,0
DA:39,0
DA:41,0
DA:49,0
DA:51,0
DA:52,0
DA:54,0
DA:57,0
DA:62,0
DA:63,0
DA:65,0
DA:67,0
DA:69,0
DA:75,0
DA:84,0
DA:86,0
DA:88,0
DA:89,0
DA:90,0
DA:92,0
DA:100,0
DA:104,0
DA:106,0
DA:117,0
DA:126,0
DA:128,0
DA:129,0
DA:130,0
DA:133,0
DA:134,0
DA:143,0
DA:144,0
DA:145,0
DA:147,0
DA:157,0
DA:158,0
DA:160,0
DA:168,0
DA:172,0
DA:173,0
DA:174,0
DA:175,0
DA:176,0
DA:179,0
DA:180,0
DA:182,0
DA:183,0
DA:185,0
DA:186,0
DA:188,0
DA:196,0
DA:199,0
DA:220,0
LF:69
LH:0
BRDA:44,0,0,0
BRDA:44,0,1,0
BRDA:45,1,0,0
BRDA:45,1,1,0
BRDA:46,2,0,0
BRDA:46,2,1,0
BRDA:51,3,0,0
BRDA:79,4,0,0
BRDA:79,4,1,0
BRDA:80,5,0,0
BRDA:80,5,1,0
BRDA:81,6,0,0
BRDA:81,6,1,0
BRDA:86,7,0,0
BRDA:110,8,0,0
BRDA:110,8,1,0
BRDA:111,9,0,0
BRDA:111,9,1,0
BRDA:111,9,2,0
BRDA:111,9,3,0
BRDA:120,10,0,0
BRDA:120,10,1,0
BRDA:121,11,0,0
BRDA:121,11,1,0
BRDA:122,12,0,0
BRDA:122,12,1,0
BRDA:123,13,0,0
BRDA:123,13,1,0
BRDA:128,14,0,0
BRDA:128,14,1,0
BRDA:133,15,0,0
BRDA:164,16,0,0
BRDA:164,16,1,0
BRDA:180,17,0,0
BRDA:192,18,0,0
BRDA:192,18,1,0
BRDA:193,19,0,0
BRDA:193,19,1,0
BRDA:203,20,0,0
BRDA:203,20,1,0
BRDA:222,21,0,0
BRDA:232,22,0,0
BRDA:233,23,0,0
BRDA:233,23,1,0
BRDA:238,24,0,0
BRDA:253,25,0,0
BRDA:253,25,1,0
BRDA:254,26,0,0
BRDA:254,26,1,0
BRDA:257,27,0,0
BRDA:257,27,1,0
BRDA:258,28,0,0
BRDA:258,28,1,0
BRDA:278,29,0,0
BRDA:283,30,0,0
BRDA:316,31,0,0
BRDA:340,32,0,0
BRDA:350,33,0,0
BRDA:355,34,0,0
BRDA:379,35,0,0
BRDA:379,35,1,0
BRDA:388,36,0,0
BRDA:403,37,0,0
BRDA:405,38,0,0
BRF:64
BRH:0
end_of_record
TN:
SF:app\test-full-integration\page.tsx
FN:25,FullIntegrationTest
FN:37,(anonymous_5)
FN:41,(anonymous_6)
FN:58,(anonymous_7)
FN:73,(anonymous_8)
FN:82,(anonymous_9)
FN:96,(anonymous_10)
FN:112,(anonymous_11)
FN:145,(anonymous_12)
FN:155,(anonymous_13)
FN:169,(anonymous_14)
FN:187,(anonymous_15)
FN:197,(anonymous_16)
FN:211,(anonymous_17)
FN:229,(anonymous_18)
FN:232,(anonymous_19)
FN:238,(anonymous_20)
FN:251,(anonymous_21)
FN:270,(anonymous_23)
FNF:19
FNH:0
FNDA:0,FullIntegrationTest
FNDA:0,(anonymous_5)
FNDA:0,(anonymous_6)
FNDA:0,(anonymous_7)
FNDA:0,(anonymous_8)
FNDA:0,(anonymous_9)
FNDA:0,(anonymous_10)
FNDA:0,(anonymous_11)
FNDA:0,(anonymous_12)
FNDA:0,(anonymous_13)
FNDA:0,(anonymous_14)
FNDA:0,(anonymous_15)
FNDA:0,(anonymous_16)
FNDA:0,(anonymous_17)
FNDA:0,(anonymous_18)
FNDA:0,(anonymous_19)
FNDA:0,(anonymous_20)
FNDA:0,(anonymous_21)
FNDA:0,(anonymous_23)
DA:3,0
DA:4,0
DA:5,0
DA:6,0
DA:7,0
DA:8,0
DA:20,0
DA:25,0
DA:26,0
DA:27,0
DA:28,0
DA:29,0
DA:30,0
DA:31,0
DA:32,0
DA:33,0
DA:35,0
DA:37,0
DA:38,0
DA:41,0
DA:42,0
DA:43,0
DA:46,0
DA:49,0
DA:52,0
DA:55,0
DA:58,0
DA:59,0
DA:61,0
DA:62,0
DA:64,0
DA:73,0
DA:75,0
DA:76,0
DA:79,0
DA:81,0
DA:82,0
DA:90,0
DA:92,0
DA:96,0
DA:97,0
DA:99,0
DA:101,0
DA:103,0
DA:109,0
DA:111,0
DA:112,0
DA:120,0
DA:124,0
DA:135,0
DA:145,0
DA:147,0
DA:148,0
DA:149,0
DA:152,0
DA:154,0
DA:155,0
DA:163,0
DA:165,0
DA:169,0
DA:170,0
DA:172,0
DA:174,0
DA:175,0
DA:176,0
DA:178,0
DA:187,0
DA:189,0
DA:190,0
DA:191,0
DA:194,0
DA:196,0
DA:197,0
DA:205,0
DA:207,0
DA:211,0
DA:212,0
DA:214,0
DA:216,0
DA:220,0
DA:229,0
DA:232,0
DA:233,0
DA:235,0
DA:237,0
DA:238,0
DA:246,0
DA:247,0
DA:251,0
DA:252,0
DA:253,0
DA:254,0
DA:255,0
DA:256,0
DA:257,0
DA:271,0
LF:96
LH:0
BRDA:68,0,0,0
BRDA:68,0,1,0
BRDA:69,1,0,0
BRDA:69,1,1,0
BRDA:70,2,0,0
BRDA:70,2,1,0
BRDA:75,3,0,0
BRDA:81,4,0,0
BRDA:81,4,1,0
BRDA:97,5,0,0
BRDA:109,6,0,0
BRDA:128,7,0,0
BRDA:128,7,1,0
BRDA:129,8,0,0
BRDA:129,8,1,0
BRDA:129,8,2,0
BRDA:129,8,3,0
BRDA:139,9,0,0
BRDA:139,9,1,0
BRDA:140,10,0,0
BRDA:140,10,1,0
BRDA:141,11,0,0
BRDA:141,11,1,0
BRDA:142,12,0,0
BRDA:142,12,1,0
BRDA:147,13,0,0
BRDA:154,14,0,0
BRDA:154,14,1,0
BRDA:170,15,0,0
BRDA:170,16,0,0
BRDA:170,16,1,0
BRDA:182,17,0,0
BRDA:182,17,1,0
BRDA:183,18,0,0
BRDA:183,18,1,0
BRDA:184,19,0,0
BRDA:184,19,1,0
BRDA:189,20,0,0
BRDA:196,21,0,0
BRDA:196,21,1,0
BRDA:212,22,0,0
BRDA:212,23,0,0
BRDA:212,23,1,0
BRDA:225,24,0,0
BRDA:225,24,1,0
BRDA:232,25,0,0
BRDA:232,25,1,0
BRDA:233,26,0,0
BRDA:233,26,1,0
BRDA:237,27,0,0
BRDA:237,27,1,0
BRDA:273,28,0,0
BRDA:286,29,0,0
BRDA:287,30,0,0
BRDA:287,30,1,0
BRDA:292,31,0,0
BRDA:307,32,0,0
BRDA:307,32,1,0
BRDA:308,33,0,0
BRDA:308,33,1,0
BRDA:309,34,0,0
BRDA:309,34,1,0
BRDA:312,35,0,0
BRDA:312,35,1,0
BRDA:313,36,0,0
BRDA:313,36,1,0
BRDA:314,37,0,0
BRDA:314,37,1,0
BRDA:336,38,0,0
BRDA:338,39,0,0
BRDA:347,40,0,0
BRDA:349,41,0,0
BRDA:358,42,0,0
BRDA:360,43,0,0
BRDA:369,44,0,0
BRDA:371,45,0,0
BRDA:391,46,0,0
BRDA:416,47,0,0
BRDA:426,48,0,0
BRDA:437,49,0,0
BRDA:437,49,1,0
BRDA:443,50,0,0
BRDA:443,50,1,0
BRDA:451,51,0,0
BRDA:461,52,0,0
BRDA:475,53,0,0
BRDA:475,53,1,0
BRDA:483,54,0,0
BRDA:483,54,1,0
BRDA:495,55,0,0
BRDA:503,56,0,0
BRDA:525,57,0,0
BRDA:540,58,0,0
BRDA:550,59,0,0
BRF:94
BRH:0
end_of_record
TN:
SF:app\test-integration\auth-step1\page.tsx
FN:31,AuthIntegrationStep1
FN:40,(anonymous_5)
FN:41,(anonymous_6)
FN:57,(anonymous_7)
FN:67,(anonymous_8)
FN:82,(anonymous_9)
FN:89,(anonymous_10)
FN:104,(anonymous_12)
FNF:8
FNH:0
FNDA:0,AuthIntegrationStep1
FNDA:0,(anonymous_5)
FNDA:0,(anonymous_6)
FNDA:0,(anonymous_7)
FNDA:0,(anonymous_8)
FNDA:0,(anonymous_9)
FNDA:0,(anonymous_10)
FNDA:0,(anonymous_12)
DA:3,0
DA:4,0
DA:5,0
DA:6,0
DA:7,0
DA:8,0
DA:16,0
DA:22,0
DA:31,0
DA:32,0
DA:33,0
DA:34,0
DA:35,0
DA:37,0
DA:40,0
DA:41,0
DA:42,0
DA:43,0
DA:44,0
DA:47,0
DA:49,0
DA:57,0
DA:59,0
DA:60,0
DA:62,0
DA:65,0
DA:66,0
DA:67,0
DA:75,0
DA:79,0
DA:82,0
DA:83,0
DA:84,0
DA:85,0
DA:86,0
DA:89,0
DA:90,0
DA:105,0
LF:38
LH:0
BRDA:52,0,0,0
BRDA:52,0,1,0
BRDA:53,1,0,0
BRDA:53,1,1,0
BRDA:54,2,0,0
BRDA:54,2,1,0
BRDA:59,3,0,0
BRDA:59,3,1,0
BRDA:65,4,0,0
BRDA:65,4,1,0
BRDA:107,5,0,0
BRDA:117,6,0,0
BRDA:118,7,0,0
BRDA:118,7,1,0
BRDA:164,8,0,0
BRDA:166,9,0,0
BRDA:171,10,0,0
BRDA:171,10,1,0
BRDA:171,11,0,0
BRDA:171,11,1,0
BRDA:201,12,0,0
BRDA:206,13,0,0
BRDA:213,14,0,0
BRDA:250,15,0,0
BRDA:250,15,1,0
BRDA:264,16,0,0
BRDA:264,16,1,0
BRDA:273,17,0,0
BRF:28
BRH:0
end_of_record
TN:
SF:app\test-integration\auth-step2\page.tsx
FN:23,AuthIntegrationStep2
FN:35,(anonymous_5)
FN:36,(anonymous_6)
FN:51,(anonymous_7)
FN:65,(anonymous_8)
FN:81,(anonymous_9)
FN:104,(anonymous_10)
FN:121,(anonymous_11)
FN:134,(anonymous_12)
FN:159,(anonymous_13)
FN:170,(anonymous_14)
FN:180,(anonymous_15)
FN:189,(anonymous_16)
FN:204,(anonymous_18)
FNF:14
FNH:0
FNDA:0,AuthIntegrationStep2
FNDA:0,(anonymous_5)
FNDA:0,(anonymous_6)
FNDA:0,(anonymous_7)
FNDA:0,(anonymous_8)
FNDA:0,(anonymous_9)
FNDA:0,(anonymous_10)
FNDA:0,(anonymous_11)
FNDA:0,(anonymous_12)
FNDA:0,(anonymous_13)
FNDA:0,(anonymous_14)
FNDA:0,(anonymous_15)
FNDA:0,(anonymous_16)
FNDA:0,(anonymous_18)
DA:3,0
DA:4,0
DA:5,0
DA:6,0
DA:8,0
DA:17,0
DA:23,0
DA:24,0
DA:25,0
DA:26,0
DA:27,0
DA:28,0
DA:29,0
DA:30,0
DA:32,0
DA:35,0
DA:36,0
DA:37,0
DA:38,0
DA:39,0
DA:41,0
DA:43,0
DA:51,0
DA:53,0
DA:54,0
DA:56,0
DA:58,0
DA:59,0
DA:63,0
DA:64,0
DA:65,0
DA:73,0
DA:77,0
DA:81,0
DA:82,0
DA:83,0
DA:84,0
DA:86,0
DA:89,0
DA:95,0
DA:104,0
DA:106,0
DA:107,0
DA:108,0
DA:111,0
DA:112,0
DA:115,0
DA:116,0
DA:119,0
DA:120,0
DA:121,0
DA:129,0
DA:134,0
DA:135,0
DA:136,0
DA:139,0
DA:150,0
DA:159,0
DA:161,0
DA:162,0
DA:165,0
DA:166,0
DA:169,0
DA:170,0
DA:180,0
DA:181,0
DA:182,0
DA:183,0
DA:184,0
DA:185,0
DA:186,0
DA:187,0
DA:189,0
DA:190,0
DA:205,0
LF:75
LH:0
BRDA:46,0,0,0
BRDA:46,0,1,0
BRDA:47,1,0,0
BRDA:47,1,1,0
BRDA:48,2,0,0
BRDA:48,2,1,0
BRDA:53,3,0,0
BRDA:53,3,1,0
BRDA:58,4,0,0
BRDA:63,5,0,0
BRDA:63,5,1,0
BRDA:98,6,0,0
BRDA:98,6,1,0
BRDA:99,7,0,0
BRDA:99,7,1,0
BRDA:100,8,0,0
BRDA:100,8,1,0
BRDA:101,9,0,0
BRDA:101,9,1,0
BRDA:106,10,0,0
BRDA:106,10,1,0
BRDA:111,11,0,0
BRDA:119,12,0,0
BRDA:119,12,1,0
BRDA:143,13,0,0
BRDA:143,13,1,0
BRDA:144,14,0,0
BRDA:144,14,1,0
BRDA:144,14,2,0
BRDA:144,14,3,0
BRDA:153,15,0,0
BRDA:153,15,1,0
BRDA:154,16,0,0
BRDA:154,16,1,0
BRDA:155,17,0,0
BRDA:155,17,1,0
BRDA:156,18,0,0
BRDA:156,18,1,0
BRDA:161,19,0,0
BRDA:161,19,1,0
BRDA:169,20,0,0
BRDA:169,20,1,0
BRDA:207,21,0,0
BRDA:217,22,0,0
BRDA:218,23,0,0
BRDA:218,23,1,0
BRDA:223,24,0,0
BRDA:265,25,0,0
BRDA:267,26,0,0
BRDA:272,27,0,0
BRDA:272,27,1,0
BRDA:272,28,0,0
BRDA:272,28,1,0
BRDA:279,29,0,0
BRDA:281,30,0,0
BRDA:283,31,0,0
BRDA:289,32,0,0
BRDA:289,32,1,0
BRDA:290,33,0,0
BRDA:290,33,1,0
BRDA:291,34,0,0
BRDA:291,34,1,0
BRDA:317,35,0,0
BRDA:322,36,0,0
BRDA:329,37,0,0
BRDA:364,38,0,0
BRDA:368,39,0,0
BRDA:373,40,0,0
BRDA:385,41,0,0
BRDA:409,42,0,0
BRDA:409,42,1,0
BRF:71
BRH:0
end_of_record
TN:
SF:app\test-isolation\dashboard-isolated\page.tsx
FN:97,DashboardOverview
FN:184,(anonymous_5)
FN:195,(anonymous_6)
FN:206,(anonymous_7)
FN:221,IsolatedDashboard
FN:225,(anonymous_9)
FN:251,(anonymous_10)
FN:265,(anonymous_11)
FN:342,(anonymous_12)
FN:373,(anonymous_13)
FN:376,(anonymous_14)
FN:415,(anonymous_15)
FNF:12
FNH:0
FNDA:0,DashboardOverview
FNDA:0,(anonymous_5)
FNDA:0,(anonymous_6)
FNDA:0,(anonymous_7)
FNDA:0,IsolatedDashboard
FNDA:0,(anonymous_9)
FNDA:0,(anonymous_10)
FNDA:0,(anonymous_11)
FNDA:0,(anonymous_12)
FNDA:0,(anonymous_13)
FNDA:0,(anonymous_14)
FNDA:0,(anonymous_15)
DA:3,0
DA:4,0
DA:5,0
DA:6,0
DA:25,0
DA:28,0
DA:45,0
DA:184,0
DA:195,0
DA:206,0
DA:221,0
DA:222,0
DA:223,0
DA:225,0
DA:226,0
DA:251,0
DA:265,0
DA:343,0
DA:344,0
DA:374,0
DA:377,0
DA:378,0
DA:379,0
DA:416,0
DA:417,0
LF:25
LH:0
BRDA:103,0,0,0
BRDA:103,0,1,0
BRDA:348,1,0,0
BRDA:358,2,0,0
BRDA:358,2,1,0
BRDA:383,3,0,0
BRDA:383,3,1,0
BRDA:412,4,0,0
BRF:8
BRH:0
end_of_record
TN:
SF:app\test-isolation\story-creator-isolated\page.tsx
FN:90,IsolatedStoryCreator
FN:119,(anonymous_5)
FN:139,(anonymous_6)
FN:140,(anonymous_7)
FN:150,(anonymous_8)
FN:174,(anonymous_9)
FN:184,(anonymous_10)
FN:205,(anonymous_11)
FN:220,(anonymous_13)
FN:229,(anonymous_14)
FN:238,(anonymous_15)
FN:261,(anonymous_16)
FN:272,(anonymous_17)
FN:303,(anonymous_19)
FN:317,(anonymous_20)
[...]
DA:414,0
DA:415,0
DA:420,0
DA:422,0
DA:423,0
DA:427,0
DA:431,0
DA:432,0
DA:433,0
DA:435,0
DA:443,0
DA:445,0
DA:446,0
DA:453,0
DA:454,0
DA:461,0
DA:462,0
DA:469,0
LF:159
LH:0
BRDA:28,0,0,0
BRDA:36,1,0,0
BRDA:64,2,0,0
BRDA:67,3,0,0
BRDA:72,4,0,0
BRDA:75,5,0,0
BRDA:76,6,0,0
BRDA:76,6,1,0
BRDA:76,7,0,0
BRDA:76,7,1,0
BRDA:83,8,0,0
BRDA:83,8,1,0
BRDA:85,9,0,0
BRDA:96,10,0,0
BRDA:116,11,0,0
BRDA:116,11,1,0
BRDA:118,12,0,0
BRDA:126,13,0,0
BRDA:129,14,0,0
BRDA:137,15,0,0
BRDA:137,15,1,0
BRDA:137,15,2,0
BRDA:137,15,3,0
BRDA:171,16,0,0
BRDA:171,16,1,0
BRDA:173,17,0,0
BRDA:190,18,0,0
BRDA:193,19,0,0
BRDA:201,20,0,0
BRDA:201,20,1,0
BRDA:201,20,2,0
BRDA:227,21,0,0
BRDA:227,21,1,0
BRDA:229,22,0,0
BRDA:248,23,0,0
BRDA:252,24,0,0
BRDA:277,25,0,0
BRDA:277,25,1,0
BRDA:279,26,0,0
BRDA:289,27,0,0
BRDA:289,28,0,0
BRDA:289,28,1,0
BRDA:316,29,0,0
BRDA:324,30,0,0
BRDA:324,30,1,0
BRDA:325,31,0,0
BRDA:330,32,0,0
BRDA:340,33,0,0
BRDA:344,34,0,0
BRDA:344,34,1,0
BRDA:344,35,0,0
BRDA:344,35,1,0
BRDA:345,36,0,0
BRDA:345,36,1,0
BRDA:361,37,0,0
BRDA:361,37,1,0
BRDA:364,38,0,0
BRDA:364,38,1,0
BRDA:391,39,0,0
BRDA:392,40,0,0
BRDA:406,41,0,0
BRDA:410,42,0,0
BRDA:411,43,0,0
BRDA:411,43,1,0
BRDA:414,44,0,0
BRDA:445,45,0,0
BRDA:453,46,0,0
BRDA:461,47,0,0
BRF:68
BRH:0
end_of_record
TN:
SF:lib\hooks\useDebounce.ts
FN:8,useDebounce
FN:11,(anonymous_14)
FN:12,(anonymous_15)
FN:16,(anonymous_16)
FN:25,useThrottle
FN:33,(anonymous_18)
FN:48,useDebouncedSearch
FN:55,(anonymous_20)
FN:65,useIntersectionObserver
FN:71,(anonymous_22)
FN:76,(anonymous_23)
FN:90,(anonymous_24)
FN:99,useVirtualization
FN:106,(anonymous_26)
FN:120,(anonymous_27)
FN:132,usePerformanceMonitor
FN:136,(anonymous_29)
FN:153,(anonymous_30)
FN:161,useMemoryMonitor
FN:164,(anonymous_32)
FN:165,(anonymous_33)
FN:174,(anonymous_34)
FN:181,useOptimizedEventHandler
FN:189,useOptimizedMemo
FN:197,useComponentVisibility
FN:202,(anonymous_38)
FN:204,(anonymous_39)
FN:220,(anonymous_40)
FN:231,useResizeObserver
FN:238,(anonymous_42)
FN:242,(anonymous_43)
FN:254,(anonymous_44)
FN:263,useIdleCallback
FN:267,(anonymous_46)
FN:272,(anonymous_47)
FNF:35
FNH:0
FNDA:0,useDebounce
FNDA:0,(anonymous_14)
FNDA:0,(anonymous_15)
FNDA:0,(anonymous_16)
FNDA:0,useThrottle
FNDA:0,(anonymous_18)
FNDA:0,useDebouncedSearch
FNDA:0,(anonymous_20)
FNDA:0,useIntersectionObserver
FNDA:0,(anonymous_22)
FNDA:0,(anonymous_23)
FNDA:0,(anonymous_24)
FNDA:0,useVirtualization
FNDA:0,(anonymous_26)
FNDA:0,(anonymous_27)
FNDA:0,usePerformanceMonitor
FNDA:0,(anonymous_29)
FNDA:0,(anonymous_30)
FNDA:0,useMemoryMonitor
FNDA:0,(anonymous_32)
FNDA:0,(anonymous_33)
FNDA:0,(anonymous_34)
FNDA:0,useOptimizedEventHandler
FNDA:0,useOptimizedMemo
FNDA:0,useComponentVisibility
FNDA:0,(anonymous_38)
FNDA:0,(anonymous_39)
FNDA:0,(anonymous_40)
FNDA:0,useResizeObserver
FNDA:0,(anonymous_42)
FNDA:0,(anonymous_43)
FNDA:0,(anonymous_44)
FNDA:0,useIdleCallback
FNDA:0,(anonymous_46)
FNDA:0,(anonymous_47)
DA:5,0
DA:8,0
DA:9,0
DA:11,0
DA:12,0
DA:13,0
DA:16,0
DA:17,0
DA:21,0
DA:25,0
DA:29,0
DA:30,0
DA:32,0
DA:34,0
DA:35,0
DA:36,0
DA:37,0
DA:43,0
DA:44,0
DA:48,0
DA:53,0
DA:55,0
DA:56,0
DA:57,0
DA:61,0
DA:65,0
DA:69,0
DA:71,0
DA:72,0
DA:73,0
DA:75,0
DA:77,0
DA:78,0
DA:88,0
DA:90,0
DA:91,0
DA:95,0
DA:99,0
DA:104,0
DA:106,0
DA:107,0
DA:108,0
DA:113,0
DA:120,0
DA:121,0
DA:124,0
DA:132,0
DA:133,0
DA:134,0
DA:136,0
DA:137,0
DA:138,0
DA:139,0
DA:141,0
DA:142,0
DA:148,0
DA:151,0
DA:154,0
DA:155,0
DA:161,0
DA:162,0
DA:164,0
DA:165,0
DA:166,0
DA:167,0
DA:171,0
DA:172,0
DA:174,0
DA:177,0
DA:181,0
DA:185,0
DA:189,0
DA:193,0
DA:197,0
DA:198,0
DA:199,0
DA:200,0
DA:202,0
DA:203,0
DA:205,0
DA:206,0
DA:207,0
DA:208,0
DA:215,0
DA:216,0
DA:217,0
DA:220,0
DA:221,0
DA:222,0
DA:227,0
DA:231,0
DA:232,0
DA:236,0
DA:238,0
DA:239,0
DA:240,0
DA:242,0
DA:243,0
DA:244,0
DA:245,0
DA:252,0
DA:254,0
DA:255,0
DA:259,0
DA:263,0
DA:267,0
DA:268,0
DA:272,0
DA:273,0
DA:274,0
DA:276,0
LF:111
LH:0
BRDA:35,0,0,0
BRDA:51,1,0,0
BRDA:56,2,0,0
BRDA:67,3,0,0
BRDA:73,4,0,0
BRDA:77,5,0,0
BRDA:141,6,0,0
BRDA:166,7,0,0
BRDA:205,8,0,0
BRDA:207,9,0,0
BRDA:216,10,0,0
BRDA:221,11,0,0
BRDA:240,12,0,0
BRDA:244,13,0,0
BRDA:268,14,0,0
BRDA:268,14,1,0
BRDA:273,15,0,0
BRDA:273,15,1,0
BRF:18
BRH:0
end_of_record
TN:
SF:lib\hooks\useQueryCache.ts
FN:14,(anonymous_16)
FN:15,(anonymous_17)
FN:16,(anonymous_18)
FN:17,(anonymous_19)
FN:18,(anonymous_20)
FN:22,(anonymous_21)
FN:23,(anonymous_22)
FN:27,(anonymous_23)
FN:28,(anonymous_24)
FN:32,(anonymous_25)
FN:33,(anonymous_26)
FN:37,(anonymous_27)
FN:38,(anonymous_28)
FN:42,useStoriesWithAuthors
FN:48,(anonymous_30)
FN:55,useUserStoriesWithCounts
FN:61,(anonymous_32)
FN:69,useStoriesWithChaptersBatch
FN:75,(anonymous_34)
FN:84,useCreatorEarningsWithStats
FN:91,(anonymous_36)
FN:100,useAIUsageAnalytics
FN:107,(anonymous_38)
FN:116,useApiQuery
FN:123,(anonymous_40)
FN:138,(anonymous_41)
FN:150,useUserAnalytics
FN:162,useCacheAnalytics
FN:174,useCreateStoryMutation
FN:178,(anonymous_45)
FN:193,(anonymous_46)
FN:205,useUpdateStoryMutation
FN:209,(anonymous_48)
FN:224,(anonymous_49)
FN:235,useDeleteStoryMutation
FN:239,(anonymous_51)
FN:250,(anonymous_52)
FN:262,useInvalidateQueries
FN:266,(anonymous_54)
FN:269,(anonymous_55)
FN:272,(anonymous_56)
FN:276,(anonymous_57)
FN:279,(anonymous_58)
FN:286,usePrefetchQueries
FN:290,(anonymous_60)
FN:293,(anonymous_61)
FN:297,(anonymous_62)
FN:300,(anonymous_63)
FN:304,(anonymous_64)
FN:307,(anonymous_65)
FN:315,useQueryPerformance
FN:318,(anonymous_67)
FNF:52
FNH:0
FNDA:0,(anonymous_16)
FNDA:0,(anonymous_17)
FNDA:0,(anonymous_18)
FNDA:0,(anonymous_19)
FNDA:0,(anonymous_20)
FNDA:0,(anonymous_21)
FNDA:0,(anonymous_22)
FNDA:0,(anonymous_23)
FNDA:0,(anonymous_24)
FNDA:0,(anonymous_25)
FNDA:0,(anonymous_26)
FNDA:0,(anonymous_27)
FNDA:0,(anonymous_28)
FNDA:0,useStoriesWithAuthors
FNDA:0,(anonymous_30)
FNDA:0,useUserStoriesWithCounts
FNDA:0,(anonymous_32)
FNDA:0,useStoriesWithChaptersBatch
FNDA:0,(anonymous_34)
FNDA:0,useCreatorEarningsWithStats
FNDA:0,(anonymous_36)
FNDA:0,useAIUsageAnalytics
FNDA:0,(anonymous_38)
FNDA:0,useApiQuery
FNDA:0,(anonymous_40)
FNDA:0,(anonymous_41)
FNDA:0,useUserAnalytics
FNDA:0,useCacheAnalytics
FNDA:0,useCreateStoryMutation
FNDA:0,(anonymous_45)
FNDA:0,(anonymous_46)
FNDA:0,useUpdateStoryMutation
FNDA:0,(anonymous_48)
FNDA:0,(anonymous_49)
FNDA:0,useDeleteStoryMutation
FNDA:0,(anonymous_51)
FNDA:0,(anonymous_52)
FNDA:0,useInvalidateQueries
FNDA:0,(anonymous_54)
FNDA:0,(anonymous_55)
FNDA:0,(anonymous_56)
FNDA:0,(anonymous_57)
FNDA:0,(anonymous_58)
FNDA:0,usePrefetchQueries
FNDA:0,(anonymous_60)
FNDA:0,(anonymous_61)
FNDA:0,(anonymous_62)
FNDA:0,(anonymous_63)
FNDA:0,(anonymous_64)
FNDA:0,(anonymous_65)
FNDA:0,useQueryPerformance
FNDA:0,(anonymous_67)
DA:6,0
DA:7,0
DA:11,0
DA:14,0
DA:15,0
DA:16,0
DA:17,0
DA:18,0
DA:22,0
DA:23,0
DA:27,0
DA:28,0
DA:32,0
DA:33,0
DA:37,0
DA:38,0
DA:42,0
DA:46,0
DA:48,0
DA:55,0
DA:59,0
DA:61,0
DA:69,0
DA:73,0
DA:75,0
DA:84,0
DA:89,0
DA:91,0
DA:100,0
DA:105,0
DA:107,0
DA:116,0
DA:121,0
DA:124,0
DA:130,0
DA:131,0
DA:134,0
DA:140,0
DA:141,0
DA:143,0
DA:150,0
DA:155,0
DA:162,0
DA:166,0
DA:174,0
DA:175,0
DA:177,0
DA:179,0
DA:187,0
DA:188,0
DA:191,0
DA:195,0
DA:196,0
DA:197,0
DA:200,0
DA:205,0
DA:206,0
DA:208,0
DA:210,0
DA:218,0
DA:219,0
DA:222,0
DA:226,0
DA:229,0
DA:230,0
DA:235,0
DA:236,0
DA:238,0
DA:240,0
DA:244,0
DA:245,0
DA:248,0
DA:252,0
DA:255,0
DA:256,0
DA:262,0
DA:263,0
DA:265,0
DA:267,0
DA:270,0
DA:273,0
DA:274,0
DA:277,0
DA:280,0
DA:286,0
DA:287,0
DA:289,0
DA:291,0
DA:293,0
DA:298,0
DA:300,0
DA:305,0
DA:307,0
DA:315,0
DA:316,0
DA:318,0
LF:96
LH:0
BRDA:43,0,0,0
BRDA:86,1,0,0
BRDA:102,2,0,0
BRDA:130,3,0,0
BRDA:140,4,0,0
BRDA:140,5,0,0
BRDA:140,5,1,0
BRDA:152,6,0,0
BRDA:163,7,0,0
BRDA:187,8,0,0
BRDA:218,9,0,0
BRDA:244,10,0,0
BRDA:297,11,0,0
BRDA:304,12,0,0
BRF:14
BRH:0
end_of_record
TN:
SF:lib\providers\QueryProvider.tsx
FN:18,(anonymous_10)
FN:27,(anonymous_11)
FN:30,(anonymous_12)
FN:33,(anonymous_13)
FN:34,(anonymous_14)
FN:42,(anonymous_15)
FN:44,(anonymous_16)
FN:52,(anonymous_17)
FN:60,(anonymous_18)
FN:66,(anonymous_19)
FN:76,(anonymous_20)
FN:95,QueryProvider
FN:96,(anonymous_22)
FN:120,getQueryCacheStats
FN:126,(anonymous_24)
FN:127,(anonymous_25)
FN:128,(anonymous_26)
FN:129,(anonymous_27)
FN:130,(anonymous_28)
FN:131,(anonymous_29)
FN:132,(anonymous_30)
FN:138,getMutationCacheStats
FN:144,(anonymous_32)
FN:145,(anonymous_33)
FN:146,(anonymous_34)
FN:153,clearQueryCache
FN:156,(anonymous_36)
FN:157,(anonymous_37)
FN:166,prefetchCriticalData
FN:170,(anonymous_39)
FN:180,(anonymous_40)
FN:190,(anonymous_41)
FN:199,QueryErrorBoundary
FN:208,QueryPerformanceMonitor
FN:211,(anonymous_44)
FN:212,(anonymous_45)
FN:218,(anonymous_46)
FNF:37
FNH:0
FNDA:0,(anonymous_10)
FNDA:0,(anonymous_11)
FNDA:0,(anonymous_12)
FNDA:0,(anonymous_13)
FNDA:0,(anonymous_14)
FNDA:0,(anonymous_15)
FNDA:0,(anonymous_16)
FNDA:0,(anonymous_17)
FNDA:0,(anonymous_18)
FNDA:0,(anonymous_19)
FNDA:0,(anonymous_20)
FNDA:0,QueryProvider
FNDA:0,(anonymous_22)
FNDA:0,getQueryCacheStats
FNDA:0,(anonymous_24)
FNDA:0,(anonymous_25)
FNDA:0,(anonymous_26)
FNDA:0,(anonymous_27)
FNDA:0,(anonymous_28)
FNDA:0,(anonymous_29)
FNDA:0,(anonymous_30)
FNDA:0,getMutationCacheStats
FNDA:0,(anonymous_32)
FNDA:0,(anonymous_33)
FNDA:0,(anonymous_34)
FNDA:0,clearQueryCache
FNDA:0,(anonymous_36)
FNDA:0,(anonymous_37)
FNDA:0,prefetchCriticalData
FNDA:0,(anonymous_39)
FNDA:0,(anonymous_40)
FNDA:0,(anonymous_41)
FNDA:0,QueryErrorBoundary
FNDA:0,QueryPerformanceMonitor
FNDA:0,(anonymous_44)
FNDA:0,(anonymous_45)
FNDA:0,(anonymous_46)
DA:3,0
DA:4,0
DA:5,0
DA:8,0
DA:20,0
DA:21,0
DA:23,0
DA:27,0
DA:32,0
DA:33,0
DA:34,0
DA:44,0
DA:45,0
DA:47,0
DA:53,0
DA:54,0
DA:56,0
DA:60,0
DA:66,0
DA:67,0
DA:68,0
DA:71,0
DA:72,0
DA:76,0
DA:77,0
DA:78,0
DA:81,0
DA:82,0
DA:83,0
DA:84,0
DA:85,0
DA:86,0
DA:95,0
DA:96,0
DA:117,0
DA:120,0
DA:121,0
DA:122,0
DA:124,0
DA:126,0
DA:127,0
DA:128,0
DA:129,0
DA:130,0
DA:131,0
DA:132,0
DA:135,0
DA:138,0
DA:139,0
DA:140,0
DA:142,0
DA:144,0
DA:145,0
DA:146,0
DA:149,0
DA:153,0
DA:154,0
DA:155,0
DA:157,0
DA:158,0
DA:162,0
DA:166,0
DA:168,0
DA:171,0
DA:172,0
DA:178,0
DA:181,0
DA:182,0
DA:188,0
DA:191,0
DA:192,0
DA:199,0
DA:208,0
DA:209,0
DA:211,0
DA:212,0
DA:213,0
DA:214,0
DA:215,0
DA:218,0
DA:221,0
DA:222,0
LF:82
LH:0
BRDA:20,0,0,0
BRDA:20,1,0,0
BRDA:20,1,1,0
BRDA:34,2,0,0
BRDA:34,2,1,0
BRDA:44,3,0,0
BRDA:44,4,0,0
BRDA:44,4,1,0
BRDA:53,5,0,0
BRDA:53,6,0,0
BRDA:53,6,1,0
BRDA:67,7,0,0
BRDA:71,8,0,0
BRDA:71,9,0,0
BRDA:71,9,1,0
BRDA:77,10,0,0
BRDA:81,11,0,0
BRDA:83,12,0,0
BRDA:83,12,1,0
BRDA:85,13,0,0
BRDA:154,14,0,0
BRDA:154,14,1,0
BRDA:158,15,0,0
BRDA:158,15,1,0
BRDA:221,16,0,0
BRDA:221,17,0,0
BRDA:221,17,1,0
BRF:27
BRH:0
end_of_record
TN:
SF:lib\series\series-context-manager.ts
FN:82,(anonymous_3)
FN:85,(anonymous_4)
FN:94,(anonymous_5)
FN:166,(anonymous_6)
FN:218,(anonymous_7)
FN:245,(anonymous_8)
FN:286,(anonymous_9)
FN:287,(anonymous_10)
FN:320,(anonymous_11)
FN:373,(anonymous_12)
FN:407,(anonymous_13)
FN:411,(anonymous_14)
FN:413,(anonymous_15)
FN:417,(anonymous_16)
FN:419,(anonymous_17)
FN:443,(anonymous_18)
FN:456,(anonymous_19)
FN:480,(anonymous_20)
FN:482,(anonymous_21)
FN:495,(anonymous_22)
FN:497,(anonymous_23)
FN:498,(anonymous_24)
FN:510,(anonymous_25)
FN:511,(anonymous_26)
FN:519,(anonymous_27)
FN:544,(anonymous_28)
FN:565,(anonymous_29)
FN:591,(anonymous_30)
FN:608,(anonymous_31)
FN:626,(anonymous_32)
FN:642,(anonymous_33)
FN:644,(anonymous_34)
FN:647,(anonymous_35)
FN:652,(anonymous_36)
FN:657,(anonymous_37)
FN:662,(anonymous_38)
FN:667,(anonymous_39)
FN:672,(anonymous_40)
FN:677,(anonymous_41)
FN:682,(anonymous_42)
FN:687,(anonymous_43)
FN:691,(anonymous_44)
FN:694,(anonymous_45)
FN:699,(anonymous_46)
FN:704,(anonymous_47)
FN:712,(anonymous_48)
FN:720,(anonymous_49)
FN:725,(anonymous_50)
FN:730,(anonymous_51)
FN:735,(anonymous_52)
FN:743,(anonymous_53)
FN:748,(anonymous_54)
FN:753,(anonymous_55)
FN:758,(anonymous_56)
FN:760,(anonymous_57)
FN:763,(anonymous_58)
FN:766,(anonymous_59)
FN:767,(anonymous_60)
FN:772,(anonymous_61)
FN:773,(anonymous_62)
FN:774,(anonymous_63)
FN:775,(anonymous_64)
FN:776,(anonymous_65)
FN:777,(anonymous_66)
FN:778,(anonymous_67)
FN:779,(anonymous_68)
FN:780,(anonymous_69)
FN:783,(anonymous_70)
FN:784,(anonymous_71)
FN:785,(anonymous_72)
FN:786,(anonymous_73)
FN:787,(anonymous_74)
FN:788,(anonymous_75)
FN:789,(anonymous_76)
FN:790,(anonymous_77)
FN:791,(anonymous_78)
FNF:76
FNH:0
FNDA:0,(anonymous_3)
FNDA:0,(anonymous_4)
FNDA:0,(anonymous_5)
FNDA:0,(anonymous_6)
FNDA:0,(anonymous_7)
FNDA:0,(anonymous_8)
FNDA:0,(anonymous_9)
FNDA:0,(anonymous_10)
FNDA:0,(anonymous_11)
FNDA:0,(anonymous_12)
FNDA:0,(anonymous_13)
FNDA:0,(anonymous_14)
FNDA:0,(anonymous_15)
FNDA:0,(anonymous_16)
FNDA:0,(anonymous_17)
FNDA:0,(anonymous_18)
FNDA:0,(anonymous_19)
FNDA:0,(anonymous_20)
FNDA:0,(anonymous_21)
FNDA:0,(anonymous_22)
FNDA:0,(anonymous_23)
FNDA:0,(anonymous_24)
FNDA:0,(anonymous_25)
FNDA:0,(anonymous_26)
FNDA:0,(anonymous_27)
FNDA:0,(anonymous_28)
FNDA:0,(anonymous_29)
FNDA:0,(anonymous_30)
FNDA:0,(anonymous_31)
FNDA:0,(anonymous_32)
FNDA:0,(anonymous_33)
FNDA:0,(anonymous_34)
FNDA:0,(anonymous_35)
FNDA:0,(anonymous_36)
FNDA:0,(anonymous_37)
FNDA:0,(anonymous_38)
FNDA:0,(anonymous_39)
FNDA:0,(anonymous_40)
FNDA:0,(anonymous_41)
FNDA:0,(anonymous_42)
FNDA:0,(anonymous_43)
FNDA:0,(anonymous_44)
FNDA:0,(anonymous_45)
FNDA:0,(anonymous_46)
FNDA:0,(anonymous_47)
FNDA:0,(anonymous_48)
FNDA:0,(anonymous_49)
FNDA:0,(anonymous_50)
FNDA:0,(anonymous_51)
FNDA:0,(anonymous_52)
FNDA:0,(anonymous_53)
FNDA:0,(anonymous_54)
FNDA:0,(anonymous_55)
FNDA:0,(anonymous_56)
FNDA:0,(anonymous_57)
FNDA:0,(anonymous_58)
FNDA:0,(anonymous_59)
FNDA:0,(anonymous_60)
FNDA:0,(anonymous_61)
FNDA:0,(anonymous_62)
FNDA:0,(anonymous_63)
FNDA:0,(anonymous_64)
FNDA:0,(anonymous_65)
FNDA:0,(anonymous_66)
FNDA:0,(anonymous_67)
FNDA:0,(anonymous_68)
FNDA:0,(anonymous_69)
FNDA:0,(anonymous_70)
FNDA:0,(anonymous_71)
FNDA:0,(anonymous_72)
FNDA:0,(anonymous_73)
FNDA:0,(anonymous_74)
FNDA:0,(anonymous_75)
FNDA:0,(anonymous_76)
FNDA:0,(anonymous_77)
FNDA:0,(anonymous_78)
DA:1,0
DA:2,0
DA:79,0
DA:83,0
DA:84,0
DA:85,0
DA:87,0
DA:95,0
DA:96,0
DA:99,0
DA:101,0
DA:107,0
DA:108,0
DA:112,0
DA:118,0
DA:126,0
DA:132,0
DA:138,0
DA:141,0
DA:144,0
DA:145,0
DA:147,0
DA:158,0
DA:159,0
DA:172,0
DA:174,0
DA:176,0
DA:183,0
DA:185,0
DA:195,0
DA:200,0
DA:210,0
DA:211,0
DA:223,0
DA:225,0
DA:226,0
DA:235,0
DA:237,0
DA:238,0
DA:251,0
DA:252,0
DA:253,0
DA:256,0
DA:260,0
DA:263,0
DA:267,0
DA:270,0
DA:276,0
DA:279,0
DA:283,0
DA:286,0
DA:287,0
DA:288,0
DA:291,0
DA:293,0
DA:300,0
DA:301,0
DA:321,0
DA:322,0
DA:325,0
DA:327,0
DA:333,0
DA:334,0
DA:338,0
DA:345,0
DA:346,0
DA:347,0
DA:348,0
DA:349,0
DA:350,0
DA:352,0
DA:365,0
DA:366,0
DA:378,0
DA:381,0
DA:387,0
DA:388,0
DA:405,0
DA:407,0
DA:410,0
DA:411,0
DA:413,0
DA:416,0
DA:417,0
DA:419,0
DA:421,0
DA:443,0
DA:457,0
DA:459,0
DA:460,0
DA:467,0
DA:468,0
DA:469,0
DA:470,0
DA:473,0
DA:475,0
DA:476,0
DA:481,0
DA:482,0
DA:485,0
DA:496,0
DA:497,0
DA:498,0
DA:511,0
DA:512,0
DA:523,0
DA:525,0
DA:526,0
DA:528,0
DA:529,0
DA:532,0
DA:533,0
DA:536,0
DA:537,0
DA:541,0
DA:548,0
DA:551,0
DA:552,0
DA:555,0
DA:556,0
DA:559,0
DA:560,0
DA:562,0
DA:571,0
DA:574,0
DA:579,0
DA:582,0
DA:586,0
DA:588,0
DA:595,0
DA:598,0
DA:599,0
DA:600,0
DA:601,0
DA:605,0
DA:609,0
DA:611,0
DA:612,0
DA:614,0
DA:615,0
DA:618,0
DA:619,0
DA:623,0
DA:627,0
DA:629,0
DA:631,0
DA:635,0
DA:644,0
DA:649,0
DA:654,0
DA:659,0
DA:664,0
DA:669,0
DA:674,0
DA:679,0
DA:684,0
DA:689,0
DA:691,0
DA:696,0
DA:701,0
DA:706,0
DA:707,0
DA:708,0
DA:709,0
DA:713,0
DA:714,0
DA:715,0
DA:716,0
DA:717,0
DA:722,0
DA:727,0
DA:732,0
DA:737,0
DA:745,0
DA:750,0
DA:755,0
DA:760,0
DA:765,0
DA:766,0
DA:767,0
DA:772,0
DA:773,0
DA:774,0
DA:775,0
DA:776,0
DA:777,0
DA:778,0
DA:779,0
DA:780,0
DA:783,0
DA:784,0
DA:785,0
DA:786,0
DA:787,0
DA:788,0
DA:789,0
DA:790,0
DA:791,0
DA:794,0
LF:199
LH:0
BRDA:95,0,0,0
BRDA:107,1,0,0
BRDA:141,2,0,0
BRDA:141,2,1,0
BRDA:144,3,0,0
BRDA:144,3,1,0
BRDA:145,4,0,0
BRDA:145,4,1,0
BRDA:150,5,0,0
BRDA:150,5,1,0
BRDA:155,6,0,0
BRDA:155,6,1,0
BRDA:172,7,0,0
BRDA:183,8,0,0
BRDA:183,8,1,0
BRDA:223,9,0,0
BRDA:294,10,0,0
BRDA:294,10,1,0
BRDA:321,11,0,0
BRDA:333,12,0,0
BRDA:345,13,0,0
BRDA:345,13,1,0
BRDA:346,14,0,0
BRDA:346,14,1,0
BRDA:347,15,0,0
BRDA:347,15,1,0
BRDA:348,16,0,0
BRDA:348,16,1,0
BRDA:349,17,0,0
BRDA:349,17,1,0
BRDA:350,18,0,0
BRDA:350,18,1,0
BRDA:353,19,0,0
BRDA:353,19,1,0
BRDA:361,20,0,0
BRDA:361,20,1,0
BRDA:362,21,0,0
BRDA:362,21,1,0
BRDA:387,22,0,0
BRDA:411,23,0,0
BRDA:411,23,1,0
BRDA:417,24,0,0
BRDA:417,24,1,0
BRDA:457,25,0,0
BRDA:457,26,0,0
BRDA:457,26,1,0
BRDA:468,27,0,0
BRDA:468,27,1,0
BRDA:497,28,0,0
BRDA:497,28,1,0
BRDA:502,29,0,0
BRDA:502,29,1,0
BRDA:512,30,0,0
BRDA:512,30,1,0
BRDA:512,30,2,0
BRDA:512,30,3,0
BRDA:526,31,0,0
BRDA:599,32,0,0
BRDA:614,33,0,0
BRDA:618,34,0,0
BRDA:627,35,0,0
BRDA:696,36,0,0
BRDA:696,36,1,0
BRDA:701,37,0,0
BRDA:701,37,1,0
BRDA:706,38,0,0
BRDA:707,39,0,0
BRDA:708,40,0,0
BRDA:713,41,0,0
BRDA:714,42,0,0
BRDA:715,43,0,0
BRDA:716,44,0,0
BRDA:750,45,0,0
BRDA:750,45,1,0
BRF:74
BRH:0
end_of_record
TN:
SF:lib\supabase\client.ts
FN:15,(anonymous_5)
FN:39,(anonymous_6)
FN:46,(anonymous_7)
FNF:3
FNH:0
FNDA:0,(anonymous_5)
FNDA:0,(anonymous_6)
FNDA:0,(anonymous_7)
DA:1,0
DA:4,0
DA:5,0
DA:7,0
DA:8,0
DA:12,0
DA:13,0
DA:15,0
DA:16,0
DA:17,0
DA:18,0
DA:19,0
DA:22,0
DA:39,0
DA:40,0
DA:41,0
DA:43,0
DA:46,0
DA:47,0
DA:52,0
DA:55,0
LF:21
LH:0
BRDA:7,0,0,0
BRDA:7,1,0,0
BRDA:7,1,1,0
BRDA:17,2,0,0
BRDA:40,3,0,0
BRF:5
BRH:0
end_of_record
TN:
SF:lib\supabase\server.ts
FN:5,(anonymous_1)
FNF:1
FNH:0
FNDA:0,(anonymous_1)
DA:1,0
DA:2,0
DA:5,0
DA:6,0
LF:4
LH:0
BRF:0
BRH:0
end_of_record
TN:
SF:lib\types\ai.ts
FN:449,isStoryGenerationResponse
FN:454,isStreamingChunk
FN:459,isAIServiceError
FNF:3
FNH:0
FNDA:0,isStoryGenerationResponse
FNDA:0,isStreamingChunk
FNDA:0,isAIServiceError
DA:449,0
DA:450,0
DA:454,0
DA:455,0
DA:459,0
DA:460,0
LF:6
LH:0
BRDA:450,0,0,0
BRDA:450,0,1,0
BRDA:450,0,2,0
BRDA:450,0,3,0
BRDA:450,0,4,0
BRDA:455,1,0,0
BRDA:455,1,1,0
BRDA:455,1,2,0
BRDA:455,1,3,0
BRDA:455,1,4,0
BRDA:460,2,0,0
BRDA:460,2,1,0
BRDA:460,2,2,0
BRDA:460,2,3,0
BRDA:460,2,4,0
BRF:15
BRH:0
end_of_record
TN:
SF:lib\types\api.ts
FN:308,isApiResponse
FN:312,isApiError
FN:316,isValidationError
FNF:3
FNH:0
FNDA:0,isApiResponse
FNDA:0,isApiError
FNDA:0,isValidationError
DA:308,0
DA:309,0
DA:312,0
DA:313,0
DA:316,0
DA:317,0
LF:6
LH:0
BRDA:309,0,0,0
BRDA:309,0,1,0
BRDA:309,0,2,0
BRDA:313,1,0,0
BRDA:313,1,1,0
BRDA:313,1,2,0
BRDA:313,1,3,0
BRDA:317,2,0,0
BRDA:317,2,1,0
BRDA:317,2,2,0
BRDA:317,2,3,0
BRDA:317,2,4,0
BRF:12
BRH:0
end_of_record
TN:
SF:lib\types\database.ts
FN:212,(anonymous_9)
FN:220,(anonymous_10)
FN:227,(anonymous_11)
FN:235,(anonymous_12)
FN:244,isProfile
FN:249,isStory
FN:254,isChapter
FN:259,isCreatorEarning
FNF:8
FNH:0
FNDA:0,(anonymous_9)
FNDA:0,(anonymous_10)
FNDA:0,(anonymous_11)
FNDA:0,(anonymous_12)
FNDA:0,isProfile
FNDA:0,isStory
FNDA:0,isChapter
FNDA:0,isCreatorEarning
DA:212,0
DA:220,0
DA:227,0
DA:235,0
DA:244,0
DA:245,0
DA:249,0
DA:250,0
DA:254,0
DA:255,0
DA:259,0
DA:260,0
LF:12
LH:0
BRDA:212,0,0,0
BRDA:212,0,1,0
BRDA:220,1,0,0
BRDA:220,1,1,0
BRDA:227,2,0,0
BRDA:227,2,1,0
BRDA:235,3,0,0
BRDA:235,3,1,0
BRDA:245,4,0,0
BRDA:245,4,1,0
BRDA:245,4,2,0
BRDA:245,4,3,0
BRDA:245,4,4,0
BRDA:250,5,0,0
BRDA:250,5,1,0
BRDA:250,5,2,0
BRDA:250,5,3,0
BRDA:250,5,4,0
BRDA:255,6,0,0
BRDA:255,6,1,0
BRDA:255,6,2,0
BRDA:255,6,3,0
BRDA:255,6,4,0
BRDA:260,7,0,0
BRDA:260,7,1,0
BRDA:260,7,2,0
BRDA:260,7,3,0
BRDA:260,7,4,0
BRF:28
BRH:0
end_of_record
TN:
SF:lib\types\index.ts
FN:198,(anonymous_14)
FN:205,(anonymous_15)
FN:212,(anonymous_16)
FNF:3
FNH:0
FNDA:0,(anonymous_14)
FNDA:0,(anonymous_15)
FNDA:0,(anonymous_16)
DA:161,0
DA:162,0
DA:163,0
DA:171,0
DA:174,0
DA:175,0
DA:176,0
DA:177,0
DA:178,0
DA:181,0
DA:182,0
DA:183,0
DA:184,0
DA:198,0
DA:205,0
DA:212,0
LF:16
LH:0
BRDA:198,0,0,0
BRDA:198,0,1,0
BRDA:205,1,0,0
BRDA:205,1,1,0
BRDA:212,2,0,0
BRDA:212,2,1,0
BRF:6
BRH:0
end_of_record
TN:
SF:types\creator-earnings.ts
FNF:0
FNH:0
DA:211,0
DA:242,0
DA:278,0
LF:3
LH:0
BRF:0
BRH:0
end_of_record
